<?xml version="1.0" encoding="UTF-8"?>
<testsuite xmlns:xsi="http://www.w3.org/2001/XMLSchema-instance" xsi:noNamespaceSchemaLocation="https://maven.apache.org/surefire/maven-surefire-plugin/xsd/surefire-test-report-3.0.xsd" version="3.0" name="repository.TabulatedFunctionRepositoryTest" time="6.698" tests="13" errors="0" skipped="0" failures="0">
  <properties>
[...]
</properties>
  <testcase name="testFindBetweenXValues_ShouldReturnEmpty_WhenNoPointsInRange" classname="repository.TabulatedFunctionRepositoryTest" time="0.446">
    <system-err><![CDATA[нояб. 09, 2025 4:55:22 PM repository.DatabaseConnection getConnection
INFO: Подключение для потока main: jdbc:postgresql://localhost:5432/test_10k_db, user: postgres
нояб. 09, 2025 4:55:22 PM repository.UserRepository createUser
INFO: Пользователь успешно создан с ID: 1
нояб. 09, 2025 4:55:22 PM repository.DatabaseConnection getConnection
INFO: Подключение для потока main: jdbc:postgresql://localhost:5432/test_10k_db, user: postgres
нояб. 09, 2025 4:55:22 PM repository.FunctionRepository createFunction
INFO: Функция успешно создана с ID: 1
нояб. 09, 2025 4:55:22 PM repository.DatabaseConnection getConnection
INFO: Подключение для потока main: jdbc:postgresql://localhost:5432/test_10k_db, user: postgres
нояб. 09, 2025 4:55:23 PM repository.DatabaseConnection getConnection
INFO: Подключение для потока main: jdbc:postgresql://localhost:5432/test_10k_db, user: postgres
нояб. 09, 2025 4:55:23 PM repository.TabulatedFunctionRepository createTabulatedFunction
INFO: Точка табулированной функции успешно создана с ID: 1
нояб. 09, 2025 4:55:23 PM repository.DatabaseConnection getConnection
INFO: Подключение для потока main: jdbc:postgresql://localhost:5432/test_10k_db, user: postgres
нояб. 09, 2025 4:55:23 PM repository.TabulatedFunctionRepository createTabulatedFunction
INFO: Точка табулированной функции успешно создана с ID: 2
нояб. 09, 2025 4:55:23 PM repository.DatabaseConnection getConnection
INFO: Подключение для потока main: jdbc:postgresql://localhost:5432/test_10k_db, user: postgres
нояб. 09, 2025 4:55:23 PM repository.TabulatedFunctionRepository findBetweenXValues
INFO: Найдено 0 точек между x=5.0 и x=10.0
нояб. 09, 2025 4:55:23 PM repository.DatabaseConnection getConnection
INFO: Подключение для потока main: jdbc:postgresql://localhost:5432/test_10k_db, user: postgres
]]></system-err>
  </testcase>
  <testcase name="testDeleteTabulatedFunction_ShouldReturnFalse_WhenPointNotExists" classname="repository.TabulatedFunctionRepositoryTest" time="0.381">
    <system-err><![CDATA[нояб. 09, 2025 4:55:23 PM repository.DatabaseConnection getConnection
INFO: Подключение для потока main: jdbc:postgresql://localhost:5432/test_10k_db, user: postgres
нояб. 09, 2025 4:55:23 PM repository.UserRepository createUser
INFO: Пользователь успешно создан с ID: 1
нояб. 09, 2025 4:55:23 PM repository.DatabaseConnection getConnection
INFO: Подключение для потока main: jdbc:postgresql://localhost:5432/test_10k_db, user: postgres
нояб. 09, 2025 4:55:23 PM repository.FunctionRepository createFunction
INFO: Функция успешно создана с ID: 1
нояб. 09, 2025 4:55:23 PM repository.DatabaseConnection getConnection
INFO: Подключение для потока main: jdbc:postgresql://localhost:5432/test_10k_db, user: postgres
нояб. 09, 2025 4:55:23 PM repository.DatabaseConnection getConnection
INFO: Подключение для потока main: jdbc:postgresql://localhost:5432/test_10k_db, user: postgres
нояб. 09, 2025 4:55:23 PM repository.TabulatedFunctionRepository deleteTabulatedFunction
WARNING: Точка для удаления не найдена с ID: 999999
нояб. 09, 2025 4:55:23 PM repository.DatabaseConnection getConnection
INFO: Подключение для потока main: jdbc:postgresql://localhost:5432/test_10k_db, user: postgres
]]></system-err>
  </testcase>
  <testcase name="testFindByXValue_ShouldReturnPoint_WhenPointExists" classname="repository.TabulatedFunctionRepositoryTest" time="0.456">
    <system-err><![CDATA[нояб. 09, 2025 4:55:23 PM repository.DatabaseConnection getConnection
INFO: Подключение для потока main: jdbc:postgresql://localhost:5432/test_10k_db, user: postgres
нояб. 09, 2025 4:55:23 PM repository.UserRepository createUser
INFO: Пользователь успешно создан с ID: 1
нояб. 09, 2025 4:55:23 PM repository.DatabaseConnection getConnection
INFO: Подключение для потока main: jdbc:postgresql://localhost:5432/test_10k_db, user: postgres
нояб. 09, 2025 4:55:23 PM repository.FunctionRepository createFunction
INFO: Функция успешно создана с ID: 1
нояб. 09, 2025 4:55:23 PM repository.DatabaseConnection getConnection
INFO: Подключение для потока main: jdbc:postgresql://localhost:5432/test_10k_db, user: postgres
нояб. 09, 2025 4:55:23 PM repository.DatabaseConnection getConnection
INFO: Подключение для потока main: jdbc:postgresql://localhost:5432/test_10k_db, user: postgres
нояб. 09, 2025 4:55:23 PM repository.TabulatedFunctionRepository createTabulatedFunction
INFO: Точка табулированной функции успешно создана с ID: 1
нояб. 09, 2025 4:55:23 PM repository.DatabaseConnection getConnection
INFO: Подключение для потока main: jdbc:postgresql://localhost:5432/test_10k_db, user: postgres
нояб. 09, 2025 4:55:23 PM repository.TabulatedFunctionRepository findByXValue
INFO: Найдена точка с x=5.0 для функции с ID: 1
нояб. 09, 2025 4:55:23 PM repository.DatabaseConnection getConnection
INFO: Подключение для потока main: jdbc:postgresql://localhost:5432/test_10k_db, user: postgres
]]></system-err>
  </testcase>
  <testcase name="testUpdateTabulatedFunction_ShouldReturnFalse_WhenPointNotExists" classname="repository.TabulatedFunctionRepositoryTest" time="0.457">
    <system-err><![CDATA[нояб. 09, 2025 4:55:24 PM repository.DatabaseConnection getConnection
INFO: Подключение для потока main: jdbc:postgresql://localhost:5432/test_10k_db, user: postgres
нояб. 09, 2025 4:55:24 PM repository.UserRepository createUser
INFO: Пользователь успешно создан с ID: 1
нояб. 09, 2025 4:55:24 PM repository.DatabaseConnection getConnection
INFO: Подключение для потока main: jdbc:postgresql://localhost:5432/test_10k_db, user: postgres
нояб. 09, 2025 4:55:24 PM repository.FunctionRepository createFunction
INFO: Функция успешно создана с ID: 1
нояб. 09, 2025 4:55:24 PM repository.DatabaseConnection getConnection
INFO: Подключение для потока main: jdbc:postgresql://localhost:5432/test_10k_db, user: postgres
нояб. 09, 2025 4:55:24 PM repository.DatabaseConnection getConnection
INFO: Подключение для потока main: jdbc:postgresql://localhost:5432/test_10k_db, user: postgres
нояб. 09, 2025 4:55:24 PM repository.TabulatedFunctionRepository updateTabulatedFunction
WARNING: Точка для обновления не найдена с ID: 999999
нояб. 09, 2025 4:55:24 PM repository.DatabaseConnection getConnection
INFO: Подключение для потока main: jdbc:postgresql://localhost:5432/test_10k_db, user: postgres
]]></system-err>
  </testcase>
  <testcase name="testFindBetweenXValues_ShouldReturnPointsInRange" classname="repository.TabulatedFunctionRepositoryTest" time="0.594">
    <system-err><![CDATA[нояб. 09, 2025 4:55:24 PM repository.DatabaseConnection getConnection
INFO: Подключение для потока main: jdbc:postgresql://localhost:5432/test_10k_db, user: postgres
нояб. 09, 2025 4:55:24 PM repository.UserRepository createUser
INFO: Пользователь успешно создан с ID: 1
нояб. 09, 2025 4:55:24 PM repository.DatabaseConnection getConnection
INFO: Подключение для потока main: jdbc:postgresql://localhost:5432/test_10k_db, user: postgres
нояб. 09, 2025 4:55:24 PM repository.FunctionRepository createFunction
INFO: Функция успешно создана с ID: 1
нояб. 09, 2025 4:55:24 PM repository.DatabaseConnection getConnection
INFO: Подключение для потока main: jdbc:postgresql://localhost:5432/test_10k_db, user: postgres
нояб. 09, 2025 4:55:24 PM repository.DatabaseConnection getConnection
INFO: Подключение для потока main: jdbc:postgresql://localhost:5432/test_10k_db, user: postgres
нояб. 09, 2025 4:55:24 PM repository.TabulatedFunctionRepository createTabulatedFunction
INFO: Точка табулированной функции успешно создана с ID: 1
нояб. 09, 2025 4:55:24 PM repository.DatabaseConnection getConnection
INFO: Подключение для потока main: jdbc:postgresql://localhost:5432/test_10k_db, user: postgres
нояб. 09, 2025 4:55:24 PM repository.TabulatedFunctionRepository createTabulatedFunction
INFO: Точка табулированной функции успешно создана с ID: 2
нояб. 09, 2025 4:55:24 PM repository.DatabaseConnection getConnection
INFO: Подключение для потока main: jdbc:postgresql://localhost:5432/test_10k_db, user: postgres
нояб. 09, 2025 4:55:24 PM repository.TabulatedFunctionRepository createTabulatedFunction
INFO: Точка табулированной функции успешно создана с ID: 3
нояб. 09, 2025 4:55:24 PM repository.DatabaseConnection getConnection
INFO: Подключение для потока main: jdbc:postgresql://localhost:5432/test_10k_db, user: postgres
нояб. 09, 2025 4:55:24 PM repository.TabulatedFunctionRepository createTabulatedFunction
INFO: Точка табулированной функции успешно создана с ID: 4
нояб. 09, 2025 4:55:24 PM repository.DatabaseConnection getConnection
INFO: Подключение для потока main: jdbc:postgresql://localhost:5432/test_10k_db, user: postgres
нояб. 09, 2025 4:55:25 PM repository.TabulatedFunctionRepository createTabulatedFunction
INFO: Точка табулированной функции успешно создана с ID: 5
нояб. 09, 2025 4:55:25 PM repository.DatabaseConnection getConnection
INFO: Подключение для потока main: jdbc:postgresql://localhost:5432/test_10k_db, user: postgres
нояб. 09, 2025 4:55:25 PM repository.TabulatedFunctionRepository findBetweenXValues
INFO: Найдено 3 точек между x=2.0 и x=4.0
нояб. 09, 2025 4:55:25 PM repository.DatabaseConnection getConnection
INFO: Подключение для потока main: jdbc:postgresql://localhost:5432/test_10k_db, user: postgres
]]></system-err>
  </testcase>
  <testcase name="testDeleteTabulatedFunction_ShouldDeletePoint" classname="repository.TabulatedFunctionRepositoryTest" time="0.647">
    <system-err><![CDATA[нояб. 09, 2025 4:55:25 PM repository.DatabaseConnection getConnection
INFO: Подключение для потока main: jdbc:postgresql://localhost:5432/test_10k_db, user: postgres
нояб. 09, 2025 4:55:25 PM repository.UserRepository createUser
INFO: Пользователь успешно создан с ID: 1
нояб. 09, 2025 4:55:25 PM repository.DatabaseConnection getConnection
INFO: Подключение для потока main: jdbc:postgresql://localhost:5432/test_10k_db, user: postgres
нояб. 09, 2025 4:55:25 PM repository.FunctionRepository createFunction
INFO: Функция успешно создана с ID: 1
нояб. 09, 2025 4:55:25 PM repository.DatabaseConnection getConnection
INFO: Подключение для потока main: jdbc:postgresql://localhost:5432/test_10k_db, user: postgres
нояб. 09, 2025 4:55:25 PM repository.DatabaseConnection getConnection
INFO: Подключение для потока main: jdbc:postgresql://localhost:5432/test_10k_db, user: postgres
нояб. 09, 2025 4:55:25 PM repository.TabulatedFunctionRepository createTabulatedFunction
INFO: Точка табулированной функции успешно создана с ID: 1
нояб. 09, 2025 4:55:25 PM repository.DatabaseConnection getConnection
INFO: Подключение для потока main: jdbc:postgresql://localhost:5432/test_10k_db, user: postgres
нояб. 09, 2025 4:55:25 PM repository.TabulatedFunctionRepository findAllByFunctionId
INFO: Найдено 1 точек для функции с ID: 1
нояб. 09, 2025 4:55:25 PM repository.DatabaseConnection getConnection
INFO: Подключение для потока main: jdbc:postgresql://localhost:5432/test_10k_db, user: postgres
нояб. 09, 2025 4:55:25 PM repository.TabulatedFunctionRepository deleteTabulatedFunction
INFO: Точка табулированной функции успешно удалена: 1
нояб. 09, 2025 4:55:25 PM repository.DatabaseConnection getConnection
INFO: Подключение для потока main: jdbc:postgresql://localhost:5432/test_10k_db, user: postgres
нояб. 09, 2025 4:55:25 PM repository.TabulatedFunctionRepository findAllByFunctionId
INFO: Найдено 0 точек для функции с ID: 1
нояб. 09, 2025 4:55:25 PM repository.DatabaseConnection getConnection
INFO: Подключение для потока main: jdbc:postgresql://localhost:5432/test_10k_db, user: postgres
]]></system-err>
  </testcase>
  <testcase name="testFindByXValue_ShouldReturnEmpty_WhenWrongFunctionId" classname="repository.TabulatedFunctionRepositoryTest" time="0.616">
    <system-err><![CDATA[нояб. 09, 2025 4:55:25 PM repository.DatabaseConnection getConnection
INFO: Подключение для потока main: jdbc:postgresql://localhost:5432/test_10k_db, user: postgres
нояб. 09, 2025 4:55:25 PM repository.UserRepository createUser
INFO: Пользователь успешно создан с ID: 1
нояб. 09, 2025 4:55:25 PM repository.DatabaseConnection getConnection
INFO: Подключение для потока main: jdbc:postgresql://localhost:5432/test_10k_db, user: postgres
нояб. 09, 2025 4:55:25 PM repository.FunctionRepository createFunction
INFO: Функция успешно создана с ID: 1
нояб. 09, 2025 4:55:25 PM repository.DatabaseConnection getConnection
INFO: Подключение для потока main: jdbc:postgresql://localhost:5432/test_10k_db, user: postgres
нояб. 09, 2025 4:55:25 PM repository.DatabaseConnection getConnection
INFO: Подключение для потока main: jdbc:postgresql://localhost:5432/test_10k_db, user: postgres
нояб. 09, 2025 4:55:26 PM repository.TabulatedFunctionRepository createTabulatedFunction
INFO: Точка табулированной функции успешно создана с ID: 1
нояб. 09, 2025 4:55:26 PM repository.DatabaseConnection getConnection
INFO: Подключение для потока main: jdbc:postgresql://localhost:5432/test_10k_db, user: postgres
нояб. 09, 2025 4:55:26 PM repository.TabulatedFunctionRepository findByXValue
INFO: Точка не найдена с x=5.0 для функции с ID: 999999
нояб. 09, 2025 4:55:26 PM repository.DatabaseConnection getConnection
INFO: Подключение для потока main: jdbc:postgresql://localhost:5432/test_10k_db, user: postgres
]]></system-err>
  </testcase>
  <testcase name="testFindAllByFunctionId_ShouldReturnEmptyList_WhenNoPoints" classname="repository.TabulatedFunctionRepositoryTest" time="0.318">
    <system-err><![CDATA[нояб. 09, 2025 4:55:26 PM repository.DatabaseConnection getConnection
INFO: Подключение для потока main: jdbc:postgresql://localhost:5432/test_10k_db, user: postgres
нояб. 09, 2025 4:55:26 PM repository.UserRepository createUser
INFO: Пользователь успешно создан с ID: 1
нояб. 09, 2025 4:55:26 PM repository.DatabaseConnection getConnection
INFO: Подключение для потока main: jdbc:postgresql://localhost:5432/test_10k_db, user: postgres
нояб. 09, 2025 4:55:26 PM repository.FunctionRepository createFunction
INFO: Функция успешно создана с ID: 1
нояб. 09, 2025 4:55:26 PM repository.DatabaseConnection getConnection
INFO: Подключение для потока main: jdbc:postgresql://localhost:5432/test_10k_db, user: postgres
нояб. 09, 2025 4:55:26 PM repository.DatabaseConnection getConnection
INFO: Подключение для потока main: jdbc:postgresql://localhost:5432/test_10k_db, user: postgres
нояб. 09, 2025 4:55:26 PM repository.TabulatedFunctionRepository findAllByFunctionId
INFO: Найдено 0 точек для функции с ID: 1
нояб. 09, 2025 4:55:26 PM repository.DatabaseConnection getConnection
INFO: Подключение для потока main: jdbc:postgresql://localhost:5432/test_10k_db, user: postgres
]]></system-err>
  </testcase>
  <testcase name="testDeleteAllTabulatedFunctions_ShouldDeleteAllPoints" classname="repository.TabulatedFunctionRepositoryTest" time="0.826">
    <system-err><![CDATA[нояб. 09, 2025 4:55:26 PM repository.DatabaseConnection getConnection
INFO: Подключение для потока main: jdbc:postgresql://localhost:5432/test_10k_db, user: postgres
нояб. 09, 2025 4:55:26 PM repository.UserRepository createUser
INFO: Пользователь успешно создан с ID: 1
нояб. 09, 2025 4:55:26 PM repository.DatabaseConnection getConnection
INFO: Подключение для потока main: jdbc:postgresql://localhost:5432/test_10k_db, user: postgres
нояб. 09, 2025 4:55:26 PM repository.FunctionRepository createFunction
INFO: Функция успешно создана с ID: 1
нояб. 09, 2025 4:55:26 PM repository.DatabaseConnection getConnection
INFO: Подключение для потока main: jdbc:postgresql://localhost:5432/test_10k_db, user: postgres
нояб. 09, 2025 4:55:26 PM repository.DatabaseConnection getConnection
INFO: Подключение для потока main: jdbc:postgresql://localhost:5432/test_10k_db, user: postgres
нояб. 09, 2025 4:55:27 PM repository.TabulatedFunctionRepository createTabulatedFunction
INFO: Точка табулированной функции успешно создана с ID: 1
нояб. 09, 2025 4:55:27 PM repository.DatabaseConnection getConnection
INFO: Подключение для потока main: jdbc:postgresql://localhost:5432/test_10k_db, user: postgres
нояб. 09, 2025 4:55:27 PM repository.TabulatedFunctionRepository createTabulatedFunction
INFO: Точка табулированной функции успешно создана с ID: 2
нояб. 09, 2025 4:55:27 PM repository.DatabaseConnection getConnection
INFO: Подключение для потока main: jdbc:postgresql://localhost:5432/test_10k_db, user: postgres
нояб. 09, 2025 4:55:27 PM repository.TabulatedFunctionRepository createTabulatedFunction
INFO: Точка табулированной функции успешно создана с ID: 3
нояб. 09, 2025 4:55:27 PM repository.DatabaseConnection getConnection
INFO: Подключение для потока main: jdbc:postgresql://localhost:5432/test_10k_db, user: postgres
нояб. 09, 2025 4:55:27 PM repository.TabulatedFunctionRepository findAllByFunctionId
INFO: Найдено 3 точек для функции с ID: 1
нояб. 09, 2025 4:55:27 PM repository.DatabaseConnection getConnection
INFO: Подключение для потока main: jdbc:postgresql://localhost:5432/test_10k_db, user: postgres
нояб. 09, 2025 4:55:27 PM repository.TabulatedFunctionRepository deleteAllTabulatedFunctions
INFO: Все точки табулированной функции удалены для функции с ID: 1
нояб. 09, 2025 4:55:27 PM repository.DatabaseConnection getConnection
INFO: Подключение для потока main: jdbc:postgresql://localhost:5432/test_10k_db, user: postgres
нояб. 09, 2025 4:55:27 PM repository.TabulatedFunctionRepository findAllByFunctionId
INFO: Найдено 0 точек для функции с ID: 1
нояб. 09, 2025 4:55:27 PM repository.DatabaseConnection getConnection
INFO: Подключение для потока main: jdbc:postgresql://localhost:5432/test_10k_db, user: postgres
]]></system-err>
  </testcase>
  <testcase name="testUpdateTabulatedFunction_ShouldUpdatePoint" classname="repository.TabulatedFunctionRepositoryTest" time="0.442">
    <system-err><![CDATA[нояб. 09, 2025 4:55:27 PM repository.DatabaseConnection getConnection
INFO: Подключение для потока main: jdbc:postgresql://localhost:5432/test_10k_db, user: postgres
нояб. 09, 2025 4:55:27 PM repository.UserRepository createUser
INFO: Пользователь успешно создан с ID: 1
нояб. 09, 2025 4:55:27 PM repository.DatabaseConnection getConnection
INFO: Подключение для потока main: jdbc:postgresql://localhost:5432/test_10k_db, user: postgres
нояб. 09, 2025 4:55:27 PM repository.FunctionRepository createFunction
INFO: Функция успешно создана с ID: 1
нояб. 09, 2025 4:55:27 PM repository.DatabaseConnection getConnection
INFO: Подключение для потока main: jdbc:postgresql://localhost:5432/test_10k_db, user: postgres
нояб. 09, 2025 4:55:27 PM repository.DatabaseConnection getConnection
INFO: Подключение для потока main: jdbc:postgresql://localhost:5432/test_10k_db, user: postgres
нояб. 09, 2025 4:55:27 PM repository.TabulatedFunctionRepository createTabulatedFunction
INFO: Точка табулированной функции успешно создана с ID: 1
нояб. 09, 2025 4:55:27 PM repository.DatabaseConnection getConnection
INFO: Подключение для потока main: jdbc:postgresql://localhost:5432/test_10k_db, user: postgres
нояб. 09, 2025 4:55:27 PM repository.TabulatedFunctionRepository updateTabulatedFunction
INFO: Точка табулированной функции успешно обновлена: 1
нояб. 09, 2025 4:55:27 PM repository.DatabaseConnection getConnection
INFO: Подключение для потока main: jdbc:postgresql://localhost:5432/test_10k_db, user: postgres
нояб. 09, 2025 4:55:27 PM repository.TabulatedFunctionRepository findByXValue
INFO: Найдена точка с x=2.0 для функции с ID: 1
нояб. 09, 2025 4:55:27 PM repository.DatabaseConnection getConnection
INFO: Подключение для потока main: jdbc:postgresql://localhost:5432/test_10k_db, user: postgres
]]></system-err>
  </testcase>
  <testcase name="testFindByXValue_ShouldReturnEmpty_WhenPointNotExists" classname="repository.TabulatedFunctionRepositoryTest" time="0.337">
    <system-err><![CDATA[нояб. 09, 2025 4:55:28 PM repository.DatabaseConnection getConnection
INFO: Подключение для потока main: jdbc:postgresql://localhost:5432/test_10k_db, user: postgres
нояб. 09, 2025 4:55:28 PM repository.UserRepository createUser
INFO: Пользователь успешно создан с ID: 1
нояб. 09, 2025 4:55:28 PM repository.DatabaseConnection getConnection
INFO: Подключение для потока main: jdbc:postgresql://localhost:5432/test_10k_db, user: postgres
нояб. 09, 2025 4:55:28 PM repository.FunctionRepository createFunction
INFO: Функция успешно создана с ID: 1
нояб. 09, 2025 4:55:28 PM repository.DatabaseConnection getConnection
INFO: Подключение для потока main: jdbc:postgresql://localhost:5432/test_10k_db, user: postgres
нояб. 09, 2025 4:55:28 PM repository.DatabaseConnection getConnection
INFO: Подключение для потока main: jdbc:postgresql://localhost:5432/test_10k_db, user: postgres
нояб. 09, 2025 4:55:28 PM repository.TabulatedFunctionRepository findByXValue
INFO: Точка не найдена с x=999.0 для функции с ID: 1
нояб. 09, 2025 4:55:28 PM repository.DatabaseConnection getConnection
INFO: Подключение для потока main: jdbc:postgresql://localhost:5432/test_10k_db, user: postgres
]]></system-err>
  </testcase>
  <testcase name="testCreateMultiplePoints_ShouldStoreAllPoints" classname="repository.TabulatedFunctionRepositoryTest" time="0.727">
    <system-err><![CDATA[нояб. 09, 2025 4:55:28 PM repository.DatabaseConnection getConnection
INFO: Подключение для потока main: jdbc:postgresql://localhost:5432/test_10k_db, user: postgres
нояб. 09, 2025 4:55:28 PM repository.UserRepository createUser
INFO: Пользователь успешно создан с ID: 1
нояб. 09, 2025 4:55:28 PM repository.DatabaseConnection getConnection
INFO: Подключение для потока main: jdbc:postgresql://localhost:5432/test_10k_db, user: postgres
нояб. 09, 2025 4:55:28 PM repository.FunctionRepository createFunction
INFO: Функция успешно создана с ID: 1
нояб. 09, 2025 4:55:28 PM repository.DatabaseConnection getConnection
INFO: Подключение для потока main: jdbc:postgresql://localhost:5432/test_10k_db, user: postgres
нояб. 09, 2025 4:55:28 PM repository.DatabaseConnection getConnection
INFO: Подключение для потока main: jdbc:postgresql://localhost:5432/test_10k_db, user: postgres
нояб. 09, 2025 4:55:28 PM repository.TabulatedFunctionRepository createTabulatedFunction
INFO: Точка табулированной функции успешно создана с ID: 1
нояб. 09, 2025 4:55:28 PM repository.DatabaseConnection getConnection
INFO: Подключение для потока main: jdbc:postgresql://localhost:5432/test_10k_db, user: postgres
нояб. 09, 2025 4:55:28 PM repository.TabulatedFunctionRepository createTabulatedFunction
INFO: Точка табулированной функции успешно создана с ID: 2
нояб. 09, 2025 4:55:28 PM repository.DatabaseConnection getConnection
INFO: Подключение для потока main: jdbc:postgresql://localhost:5432/test_10k_db, user: postgres
нояб. 09, 2025 4:55:28 PM repository.TabulatedFunctionRepository createTabulatedFunction
INFO: Точка табулированной функции успешно создана с ID: 3
нояб. 09, 2025 4:55:28 PM repository.DatabaseConnection getConnection
INFO: Подключение для потока main: jdbc:postgresql://localhost:5432/test_10k_db, user: postgres
нояб. 09, 2025 4:55:29 PM repository.TabulatedFunctionRepository findAllByFunctionId
INFO: Найдено 3 точек для функции с ID: 1
нояб. 09, 2025 4:55:29 PM repository.DatabaseConnection getConnection
INFO: Подключение для потока main: jdbc:postgresql://localhost:5432/test_10k_db, user: postgres
]]></system-err>
  </testcase>
  <testcase name="testCreateTabulatedFunction_ShouldCreateNewPoint" classname="repository.TabulatedFunctionRepositoryTest" time="0.443">
    <system-err><![CDATA[нояб. 09, 2025 4:55:29 PM repository.DatabaseConnection getConnection
INFO: Подключение для потока main: jdbc:postgresql://localhost:5432/test_10k_db, user: postgres
нояб. 09, 2025 4:55:29 PM repository.UserRepository createUser
INFO: Пользователь успешно создан с ID: 1
нояб. 09, 2025 4:55:29 PM repository.DatabaseConnection getConnection
INFO: Подключение для потока main: jdbc:postgresql://localhost:5432/test_10k_db, user: postgres
нояб. 09, 2025 4:55:29 PM repository.FunctionRepository createFunction
INFO: Функция успешно создана с ID: 1
нояб. 09, 2025 4:55:29 PM repository.DatabaseConnection getConnection
INFO: Подключение для потока main: jdbc:postgresql://localhost:5432/test_10k_db, user: postgres
нояб. 09, 2025 4:55:29 PM repository.DatabaseConnection getConnection
INFO: Подключение для потока main: jdbc:postgresql://localhost:5432/test_10k_db, user: postgres
нояб. 09, 2025 4:55:29 PM repository.TabulatedFunctionRepository createTabulatedFunction
INFO: Точка табулированной функции успешно создана с ID: 1
нояб. 09, 2025 4:55:29 PM repository.DatabaseConnection getConnection
INFO: Подключение для потока main: jdbc:postgresql://localhost:5432/test_10k_db, user: postgres
нояб. 09, 2025 4:55:29 PM repository.TabulatedFunctionRepository findAllByFunctionId
INFO: Найдено 1 точек для функции с ID: 1
нояб. 09, 2025 4:55:29 PM repository.DatabaseConnection getConnection
INFO: Подключение для потока main: jdbc:postgresql://localhost:5432/test_10k_db, user: postgres
]]></system-err>
  </testcase>
</testsuite>