<?xml version="1.0" encoding="UTF-8"?>
<testsuite xmlns:xsi="http://www.w3.org/2001/XMLSchema-instance" xsi:noNamespaceSchemaLocation="https://maven.apache.org/surefire/maven-surefire-plugin/xsd/surefire-test-report-3.0.xsd" version="3.0" name="repository.FunctionRepositoryTest" time="7.864" tests="17" errors="0" skipped="0" failures="0">
  <properties>
[...]
</properties>
  <testcase name="testFindByUserId_ShouldReturnAllUserFunctions" classname="repository.FunctionRepositoryTest" time="0.839">
    <system-out><![CDATA[Создан тестовый пользователь с ID: 1
Очистка тестовых данных...
Тестовые данные очищены
]]></system-out>
    <system-err><![CDATA[нояб. 16, 2025 12:10:17 AM repository.DatabaseConnection setTestConnection
INFO: Установлены тестовые параметры подключения: jdbc:postgresql://localhost:5432/test_functions_database для потока: main
нояб. 16, 2025 12:10:17 AM repository.DatabaseTestConnection setupTestConnection
INFO: DatabaseTestConnection инициализирован для: jdbc:postgresql://localhost:5432/test_functions_database
нояб. 16, 2025 12:10:17 AM repository.DatabaseConnection getConnection
INFO: Подключение для потока main: jdbc:postgresql://localhost:5432/test_functions_database, user: postgres
SLF4J: Failed to load class "org.slf4j.impl.StaticLoggerBinder".
SLF4J: Defaulting to no-operation (NOP) logger implementation
SLF4J: See http://www.slf4j.org/codes.html#StaticLoggerBinder for further details.
нояб. 16, 2025 12:10:17 AM repository.dao.UserRepository createUser
INFO: Пользователь успешно создан с ID: 1
нояб. 16, 2025 12:10:17 AM repository.DatabaseConnection getConnection
INFO: Подключение для потока main: jdbc:postgresql://localhost:5432/test_functions_database, user: postgres
нояб. 16, 2025 12:10:17 AM repository.dao.FunctionRepository createFunction
INFO: Функция успешно создана с ID: 1
нояб. 16, 2025 12:10:17 AM repository.DatabaseConnection getConnection
INFO: Подключение для потока main: jdbc:postgresql://localhost:5432/test_functions_database, user: postgres
нояб. 16, 2025 12:10:17 AM repository.dao.FunctionRepository createFunction
INFO: Функция успешно создана с ID: 2
нояб. 16, 2025 12:10:17 AM repository.DatabaseConnection getConnection
INFO: Подключение для потока main: jdbc:postgresql://localhost:5432/test_functions_database, user: postgres
нояб. 16, 2025 12:10:17 AM repository.dao.FunctionRepository createFunction
INFO: Функция успешно создана с ID: 3
нояб. 16, 2025 12:10:17 AM repository.DatabaseConnection getConnection
INFO: Подключение для потока main: jdbc:postgresql://localhost:5432/test_functions_database, user: postgres
нояб. 16, 2025 12:10:18 AM repository.dao.FunctionRepository findByUserId
INFO: Найдено 3 функций для пользователя с ID: 1
нояб. 16, 2025 12:10:18 AM repository.DatabaseConnection getConnection
INFO: Подключение для потока main: jdbc:postgresql://localhost:5432/test_functions_database, user: postgres
]]></system-err>
  </testcase>
  <testcase name="testCreateMultipleFunctions_ShouldHandleConsecutiveOperations" classname="repository.FunctionRepositoryTest" time="0.635">
    <system-out><![CDATA[Создан тестовый пользователь с ID: 1
Очистка тестовых данных...
Тестовые данные очищены
]]></system-out>
    <system-err><![CDATA[нояб. 16, 2025 12:10:18 AM repository.DatabaseConnection setTestConnection
INFO: Установлены тестовые параметры подключения: jdbc:postgresql://localhost:5432/test_functions_database для потока: main
нояб. 16, 2025 12:10:18 AM repository.DatabaseTestConnection setupTestConnection
INFO: DatabaseTestConnection инициализирован для: jdbc:postgresql://localhost:5432/test_functions_database
нояб. 16, 2025 12:10:18 AM repository.DatabaseConnection getConnection
INFO: Подключение для потока main: jdbc:postgresql://localhost:5432/test_functions_database, user: postgres
нояб. 16, 2025 12:10:18 AM repository.dao.UserRepository createUser
INFO: Пользователь успешно создан с ID: 1
нояб. 16, 2025 12:10:18 AM repository.DatabaseConnection getConnection
INFO: Подключение для потока main: jdbc:postgresql://localhost:5432/test_functions_database, user: postgres
нояб. 16, 2025 12:10:18 AM repository.dao.FunctionRepository createFunction
INFO: Функция успешно создана с ID: 1
нояб. 16, 2025 12:10:18 AM repository.DatabaseConnection getConnection
INFO: Подключение для потока main: jdbc:postgresql://localhost:5432/test_functions_database, user: postgres
нояб. 16, 2025 12:10:18 AM repository.dao.FunctionRepository createFunction
INFO: Функция успешно создана с ID: 2
нояб. 16, 2025 12:10:18 AM repository.DatabaseConnection getConnection
INFO: Подключение для потока main: jdbc:postgresql://localhost:5432/test_functions_database, user: postgres
нояб. 16, 2025 12:10:18 AM repository.dao.FunctionRepository createFunction
INFO: Функция успешно создана с ID: 3
нояб. 16, 2025 12:10:18 AM repository.DatabaseConnection getConnection
INFO: Подключение для потока main: jdbc:postgresql://localhost:5432/test_functions_database, user: postgres
нояб. 16, 2025 12:10:18 AM repository.dao.FunctionRepository findByUserId
INFO: Найдено 3 функций для пользователя с ID: 1
нояб. 16, 2025 12:10:18 AM repository.DatabaseConnection getConnection
INFO: Подключение для потока main: jdbc:postgresql://localhost:5432/test_functions_database, user: postgres
нояб. 16, 2025 12:10:18 AM repository.dao.FunctionRepository findById
INFO: Найдена функция по ID: 1
нояб. 16, 2025 12:10:18 AM repository.DatabaseConnection getConnection
INFO: Подключение для потока main: jdbc:postgresql://localhost:5432/test_functions_database, user: postgres
нояб. 16, 2025 12:10:18 AM repository.dao.FunctionRepository findById
INFO: Найдена функция по ID: 2
нояб. 16, 2025 12:10:18 AM repository.DatabaseConnection getConnection
INFO: Подключение для потока main: jdbc:postgresql://localhost:5432/test_functions_database, user: postgres
нояб. 16, 2025 12:10:18 AM repository.dao.FunctionRepository findById
INFO: Найдена функция по ID: 3
нояб. 16, 2025 12:10:18 AM repository.DatabaseConnection getConnection
INFO: Подключение для потока main: jdbc:postgresql://localhost:5432/test_functions_database, user: postgres
]]></system-err>
  </testcase>
  <testcase name="testCreateFunction_ShouldCreateNewFunction" classname="repository.FunctionRepositoryTest" time="0.351">
    <system-out><![CDATA[Создан тестовый пользователь с ID: 1
Очистка тестовых данных...
Тестовые данные очищены
]]></system-out>
    <system-err><![CDATA[нояб. 16, 2025 12:10:18 AM repository.DatabaseConnection setTestConnection
INFO: Установлены тестовые параметры подключения: jdbc:postgresql://localhost:5432/test_functions_database для потока: main
нояб. 16, 2025 12:10:18 AM repository.DatabaseTestConnection setupTestConnection
INFO: DatabaseTestConnection инициализирован для: jdbc:postgresql://localhost:5432/test_functions_database
нояб. 16, 2025 12:10:18 AM repository.DatabaseConnection getConnection
INFO: Подключение для потока main: jdbc:postgresql://localhost:5432/test_functions_database, user: postgres
нояб. 16, 2025 12:10:18 AM repository.dao.UserRepository createUser
INFO: Пользователь успешно создан с ID: 1
нояб. 16, 2025 12:10:18 AM repository.DatabaseConnection getConnection
INFO: Подключение для потока main: jdbc:postgresql://localhost:5432/test_functions_database, user: postgres
нояб. 16, 2025 12:10:18 AM repository.dao.FunctionRepository createFunction
INFO: Функция успешно создана с ID: 1
нояб. 16, 2025 12:10:18 AM repository.DatabaseConnection getConnection
INFO: Подключение для потока main: jdbc:postgresql://localhost:5432/test_functions_database, user: postgres
нояб. 16, 2025 12:10:18 AM repository.dao.FunctionRepository findById
INFO: Найдена функция по ID: 1
нояб. 16, 2025 12:10:18 AM repository.DatabaseConnection getConnection
INFO: Подключение для потока main: jdbc:postgresql://localhost:5432/test_functions_database, user: postgres
]]></system-err>
  </testcase>
  <testcase name="testFindByName_ShouldReturnEmptyList_WhenNoMatches" classname="repository.FunctionRepositoryTest" time="0.624">
    <system-out><![CDATA[Создан тестовый пользователь с ID: 1
Очистка тестовых данных...
Тестовые данные очищены
]]></system-out>
    <system-err><![CDATA[нояб. 16, 2025 12:10:19 AM repository.DatabaseConnection setTestConnection
INFO: Установлены тестовые параметры подключения: jdbc:postgresql://localhost:5432/test_functions_database для потока: main
нояб. 16, 2025 12:10:19 AM repository.DatabaseTestConnection setupTestConnection
INFO: DatabaseTestConnection инициализирован для: jdbc:postgresql://localhost:5432/test_functions_database
нояб. 16, 2025 12:10:19 AM repository.DatabaseConnection getConnection
INFO: Подключение для потока main: jdbc:postgresql://localhost:5432/test_functions_database, user: postgres
нояб. 16, 2025 12:10:19 AM repository.dao.UserRepository createUser
INFO: Пользователь успешно создан с ID: 1
нояб. 16, 2025 12:10:19 AM repository.DatabaseConnection getConnection
INFO: Подключение для потока main: jdbc:postgresql://localhost:5432/test_functions_database, user: postgres
нояб. 16, 2025 12:10:19 AM repository.dao.FunctionRepository createFunction
INFO: Функция успешно создана с ID: 1
нояб. 16, 2025 12:10:19 AM repository.DatabaseConnection getConnection
INFO: Подключение для потока main: jdbc:postgresql://localhost:5432/test_functions_database, user: postgres
нояб. 16, 2025 12:10:19 AM repository.dao.FunctionRepository findByName
INFO: Найдено 0 функций по шаблону имени: nonexistent
нояб. 16, 2025 12:10:19 AM repository.DatabaseConnection getConnection
INFO: Подключение для потока main: jdbc:postgresql://localhost:5432/test_functions_database, user: postgres
]]></system-err>
  </testcase>
  <testcase name="testDeleteFunction_ShouldReturnFalse_WhenFunctionNotExists" classname="repository.FunctionRepositoryTest" time="0.299">
    <system-out><![CDATA[Создан тестовый пользователь с ID: 1
Очистка тестовых данных...
Тестовые данные очищены
]]></system-out>
    <system-err><![CDATA[нояб. 16, 2025 12:10:19 AM repository.DatabaseConnection setTestConnection
INFO: Установлены тестовые параметры подключения: jdbc:postgresql://localhost:5432/test_functions_database для потока: main
нояб. 16, 2025 12:10:19 AM repository.DatabaseTestConnection setupTestConnection
INFO: DatabaseTestConnection инициализирован для: jdbc:postgresql://localhost:5432/test_functions_database
нояб. 16, 2025 12:10:19 AM repository.DatabaseConnection getConnection
INFO: Подключение для потока main: jdbc:postgresql://localhost:5432/test_functions_database, user: postgres
нояб. 16, 2025 12:10:19 AM repository.dao.UserRepository createUser
INFO: Пользователь успешно создан с ID: 1
нояб. 16, 2025 12:10:19 AM repository.DatabaseConnection getConnection
INFO: Подключение для потока main: jdbc:postgresql://localhost:5432/test_functions_database, user: postgres
нояб. 16, 2025 12:10:19 AM repository.dao.FunctionRepository deleteFunction
WARNING: Функция для удаления не найдена с ID: 999999
нояб. 16, 2025 12:10:19 AM repository.DatabaseConnection getConnection
INFO: Подключение для потока main: jdbc:postgresql://localhost:5432/test_functions_database, user: postgres
]]></system-err>
  </testcase>
  <testcase name="testFindById_ShouldReturnFunction_WhenFunctionExists" classname="repository.FunctionRepositoryTest" time="0.356">
    <system-out><![CDATA[Создан тестовый пользователь с ID: 1
Очистка тестовых данных...
Тестовые данные очищены
]]></system-out>
    <system-err><![CDATA[нояб. 16, 2025 12:10:20 AM repository.DatabaseConnection setTestConnection
INFO: Установлены тестовые параметры подключения: jdbc:postgresql://localhost:5432/test_functions_database для потока: main
нояб. 16, 2025 12:10:20 AM repository.DatabaseTestConnection setupTestConnection
INFO: DatabaseTestConnection инициализирован для: jdbc:postgresql://localhost:5432/test_functions_database
нояб. 16, 2025 12:10:20 AM repository.DatabaseConnection getConnection
INFO: Подключение для потока main: jdbc:postgresql://localhost:5432/test_functions_database, user: postgres
нояб. 16, 2025 12:10:20 AM repository.dao.UserRepository createUser
INFO: Пользователь успешно создан с ID: 1
нояб. 16, 2025 12:10:20 AM repository.DatabaseConnection getConnection
INFO: Подключение для потока main: jdbc:postgresql://localhost:5432/test_functions_database, user: postgres
нояб. 16, 2025 12:10:20 AM repository.dao.FunctionRepository createFunction
INFO: Функция успешно создана с ID: 1
нояб. 16, 2025 12:10:20 AM repository.DatabaseConnection getConnection
INFO: Подключение для потока main: jdbc:postgresql://localhost:5432/test_functions_database, user: postgres
нояб. 16, 2025 12:10:20 AM repository.dao.FunctionRepository findById
INFO: Найдена функция по ID: 1
нояб. 16, 2025 12:10:20 AM repository.DatabaseConnection getConnection
INFO: Подключение для потока main: jdbc:postgresql://localhost:5432/test_functions_database, user: postgres
]]></system-err>
  </testcase>
  <testcase name="testFindByType_ShouldReturnFunctionsByType" classname="repository.FunctionRepositoryTest" time="0.578">
    <system-out><![CDATA[Создан тестовый пользователь с ID: 1
Очистка тестовых данных...
Тестовые данные очищены
]]></system-out>
    <system-err><![CDATA[нояб. 16, 2025 12:10:20 AM repository.DatabaseConnection setTestConnection
INFO: Установлены тестовые параметры подключения: jdbc:postgresql://localhost:5432/test_functions_database для потока: main
нояб. 16, 2025 12:10:20 AM repository.DatabaseTestConnection setupTestConnection
INFO: DatabaseTestConnection инициализирован для: jdbc:postgresql://localhost:5432/test_functions_database
нояб. 16, 2025 12:10:20 AM repository.DatabaseConnection getConnection
INFO: Подключение для потока main: jdbc:postgresql://localhost:5432/test_functions_database, user: postgres
нояб. 16, 2025 12:10:20 AM repository.dao.UserRepository createUser
INFO: Пользователь успешно создан с ID: 1
нояб. 16, 2025 12:10:20 AM repository.DatabaseConnection getConnection
INFO: Подключение для потока main: jdbc:postgresql://localhost:5432/test_functions_database, user: postgres
нояб. 16, 2025 12:10:20 AM repository.dao.FunctionRepository createFunction
INFO: Функция успешно создана с ID: 1
нояб. 16, 2025 12:10:20 AM repository.DatabaseConnection getConnection
INFO: Подключение для потока main: jdbc:postgresql://localhost:5432/test_functions_database, user: postgres
нояб. 16, 2025 12:10:20 AM repository.dao.FunctionRepository createFunction
INFO: Функция успешно создана с ID: 2
нояб. 16, 2025 12:10:20 AM repository.DatabaseConnection getConnection
INFO: Подключение для потока main: jdbc:postgresql://localhost:5432/test_functions_database, user: postgres
нояб. 16, 2025 12:10:20 AM repository.dao.FunctionRepository createFunction
INFO: Функция успешно создана с ID: 3
нояб. 16, 2025 12:10:20 AM repository.DatabaseConnection getConnection
INFO: Подключение для потока main: jdbc:postgresql://localhost:5432/test_functions_database, user: postgres
нояб. 16, 2025 12:10:20 AM repository.dao.FunctionRepository createFunction
INFO: Функция успешно создана с ID: 4
нояб. 16, 2025 12:10:20 AM repository.DatabaseConnection getConnection
INFO: Подключение для потока main: jdbc:postgresql://localhost:5432/test_functions_database, user: postgres
нояб. 16, 2025 12:10:20 AM repository.dao.FunctionRepository findByType
INFO: Найдено 2 функций типа: analytic
нояб. 16, 2025 12:10:20 AM repository.DatabaseConnection getConnection
INFO: Подключение для потока main: jdbc:postgresql://localhost:5432/test_functions_database, user: postgres
нояб. 16, 2025 12:10:20 AM repository.dao.FunctionRepository findByType
INFO: Найдено 2 функций типа: tabular
нояб. 16, 2025 12:10:20 AM repository.DatabaseConnection getConnection
INFO: Подключение для потока main: jdbc:postgresql://localhost:5432/test_functions_database, user: postgres
]]></system-err>
  </testcase>
  <testcase name="testFindByUserId_ShouldReturnEmptyList_WhenNoFunctions" classname="repository.FunctionRepositoryTest" time="0.367">
    <system-out><![CDATA[Создан тестовый пользователь с ID: 1
Очистка тестовых данных...
Тестовые данные очищены
]]></system-out>
    <system-err><![CDATA[нояб. 16, 2025 12:10:20 AM repository.DatabaseConnection setTestConnection
INFO: Установлены тестовые параметры подключения: jdbc:postgresql://localhost:5432/test_functions_database для потока: main
нояб. 16, 2025 12:10:20 AM repository.DatabaseTestConnection setupTestConnection
INFO: DatabaseTestConnection инициализирован для: jdbc:postgresql://localhost:5432/test_functions_database
нояб. 16, 2025 12:10:20 AM repository.DatabaseConnection getConnection
INFO: Подключение для потока main: jdbc:postgresql://localhost:5432/test_functions_database, user: postgres
нояб. 16, 2025 12:10:21 AM repository.dao.UserRepository createUser
INFO: Пользователь успешно создан с ID: 1
нояб. 16, 2025 12:10:21 AM repository.DatabaseConnection getConnection
INFO: Подключение для потока main: jdbc:postgresql://localhost:5432/test_functions_database, user: postgres
нояб. 16, 2025 12:10:21 AM repository.dao.FunctionRepository findByUserId
INFO: Найдено 0 функций для пользователя с ID: 1
нояб. 16, 2025 12:10:21 AM repository.DatabaseConnection getConnection
INFO: Подключение для потока main: jdbc:postgresql://localhost:5432/test_functions_database, user: postgres
]]></system-err>
  </testcase>
  <testcase name="testUpdateFunction_ShouldReturnFalse_WhenFunctionNotExists" classname="repository.FunctionRepositoryTest" time="0.35">
    <system-out><![CDATA[Создан тестовый пользователь с ID: 1
Очистка тестовых данных...
Тестовые данные очищены
]]></system-out>
    <system-err><![CDATA[нояб. 16, 2025 12:10:21 AM repository.DatabaseConnection setTestConnection
INFO: Установлены тестовые параметры подключения: jdbc:postgresql://localhost:5432/test_functions_database для потока: main
нояб. 16, 2025 12:10:21 AM repository.DatabaseTestConnection setupTestConnection
INFO: DatabaseTestConnection инициализирован для: jdbc:postgresql://localhost:5432/test_functions_database
нояб. 16, 2025 12:10:21 AM repository.DatabaseConnection getConnection
INFO: Подключение для потока main: jdbc:postgresql://localhost:5432/test_functions_database, user: postgres
нояб. 16, 2025 12:10:21 AM repository.dao.UserRepository createUser
INFO: Пользователь успешно создан с ID: 1
нояб. 16, 2025 12:10:21 AM repository.DatabaseConnection getConnection
INFO: Подключение для потока main: jdbc:postgresql://localhost:5432/test_functions_database, user: postgres
нояб. 16, 2025 12:10:21 AM repository.dao.FunctionRepository updateFunction
WARNING: Функция для обновления не найдена с ID: 999999
нояб. 16, 2025 12:10:21 AM repository.DatabaseConnection getConnection
INFO: Подключение для потока main: jdbc:postgresql://localhost:5432/test_functions_database, user: postgres
]]></system-err>
  </testcase>
  <testcase name="testFindById_ShouldReturnEmpty_WhenFunctionNotExists" classname="repository.FunctionRepositoryTest" time="0.207">
    <system-out><![CDATA[Создан тестовый пользователь с ID: 1
Очистка тестовых данных...
Тестовые данные очищены
]]></system-out>
    <system-err><![CDATA[нояб. 16, 2025 12:10:21 AM repository.DatabaseConnection setTestConnection
INFO: Установлены тестовые параметры подключения: jdbc:postgresql://localhost:5432/test_functions_database для потока: main
нояб. 16, 2025 12:10:21 AM repository.DatabaseTestConnection setupTestConnection
INFO: DatabaseTestConnection инициализирован для: jdbc:postgresql://localhost:5432/test_functions_database
нояб. 16, 2025 12:10:21 AM repository.DatabaseConnection getConnection
INFO: Подключение для потока main: jdbc:postgresql://localhost:5432/test_functions_database, user: postgres
нояб. 16, 2025 12:10:21 AM repository.dao.UserRepository createUser
INFO: Пользователь успешно создан с ID: 1
нояб. 16, 2025 12:10:21 AM repository.DatabaseConnection getConnection
INFO: Подключение для потока main: jdbc:postgresql://localhost:5432/test_functions_database, user: postgres
нояб. 16, 2025 12:10:21 AM repository.dao.FunctionRepository findById
INFO: Функция не найдена с ID: 999999
нояб. 16, 2025 12:10:21 AM repository.DatabaseConnection getConnection
INFO: Подключение для потока main: jdbc:postgresql://localhost:5432/test_functions_database, user: postgres
]]></system-err>
  </testcase>
  <testcase name="testCreateFunction_ShouldCreateTabularFunction_WithNullExpression" classname="repository.FunctionRepositoryTest" time="0.341">
    <system-out><![CDATA[Создан тестовый пользователь с ID: 1
Очистка тестовых данных...
Тестовые данные очищены
]]></system-out>
    <system-err><![CDATA[нояб. 16, 2025 12:10:21 AM repository.DatabaseConnection setTestConnection
INFO: Установлены тестовые параметры подключения: jdbc:postgresql://localhost:5432/test_functions_database для потока: main
нояб. 16, 2025 12:10:21 AM repository.DatabaseTestConnection setupTestConnection
INFO: DatabaseTestConnection инициализирован для: jdbc:postgresql://localhost:5432/test_functions_database
нояб. 16, 2025 12:10:21 AM repository.DatabaseConnection getConnection
INFO: Подключение для потока main: jdbc:postgresql://localhost:5432/test_functions_database, user: postgres
нояб. 16, 2025 12:10:21 AM repository.dao.UserRepository createUser
INFO: Пользователь успешно создан с ID: 1
нояб. 16, 2025 12:10:21 AM repository.DatabaseConnection getConnection
INFO: Подключение для потока main: jdbc:postgresql://localhost:5432/test_functions_database, user: postgres
нояб. 16, 2025 12:10:22 AM repository.dao.FunctionRepository createFunction
INFO: Функция успешно создана с ID: 1
нояб. 16, 2025 12:10:22 AM repository.DatabaseConnection getConnection
INFO: Подключение для потока main: jdbc:postgresql://localhost:5432/test_functions_database, user: postgres
нояб. 16, 2025 12:10:22 AM repository.dao.FunctionRepository findById
INFO: Найдена функция по ID: 1
нояб. 16, 2025 12:10:22 AM repository.DatabaseConnection getConnection
INFO: Подключение для потока main: jdbc:postgresql://localhost:5432/test_functions_database, user: postgres
]]></system-err>
  </testcase>
  <testcase name="testFindByName_ShouldReturnMatchingFunctions" classname="repository.FunctionRepositoryTest" time="0.403">
    <system-out><![CDATA[Создан тестовый пользователь с ID: 1
Очистка тестовых данных...
Тестовые данные очищены
]]></system-out>
    <system-err><![CDATA[нояб. 16, 2025 12:10:22 AM repository.DatabaseConnection setTestConnection
INFO: Установлены тестовые параметры подключения: jdbc:postgresql://localhost:5432/test_functions_database для потока: main
нояб. 16, 2025 12:10:22 AM repository.DatabaseTestConnection setupTestConnection
INFO: DatabaseTestConnection инициализирован для: jdbc:postgresql://localhost:5432/test_functions_database
нояб. 16, 2025 12:10:22 AM repository.DatabaseConnection getConnection
INFO: Подключение для потока main: jdbc:postgresql://localhost:5432/test_functions_database, user: postgres
нояб. 16, 2025 12:10:22 AM repository.dao.UserRepository createUser
INFO: Пользователь успешно создан с ID: 1
нояб. 16, 2025 12:10:22 AM repository.DatabaseConnection getConnection
INFO: Подключение для потока main: jdbc:postgresql://localhost:5432/test_functions_database, user: postgres
нояб. 16, 2025 12:10:22 AM repository.dao.FunctionRepository createFunction
INFO: Функция успешно создана с ID: 1
нояб. 16, 2025 12:10:22 AM repository.DatabaseConnection getConnection
INFO: Подключение для потока main: jdbc:postgresql://localhost:5432/test_functions_database, user: postgres
нояб. 16, 2025 12:10:22 AM repository.dao.FunctionRepository createFunction
INFO: Функция успешно создана с ID: 2
нояб. 16, 2025 12:10:22 AM repository.DatabaseConnection getConnection
INFO: Подключение для потока main: jdbc:postgresql://localhost:5432/test_functions_database, user: postgres
нояб. 16, 2025 12:10:22 AM repository.dao.FunctionRepository createFunction
INFO: Функция успешно создана с ID: 3
нояб. 16, 2025 12:10:22 AM repository.DatabaseConnection getConnection
INFO: Подключение для потока main: jdbc:postgresql://localhost:5432/test_functions_database, user: postgres
нояб. 16, 2025 12:10:22 AM repository.dao.FunctionRepository findByName
INFO: Найдено 2 функций по шаблону имени: quadratic
нояб. 16, 2025 12:10:22 AM repository.DatabaseConnection getConnection
INFO: Подключение для потока main: jdbc:postgresql://localhost:5432/test_functions_database, user: postgres
]]></system-err>
  </testcase>
  <testcase name="testDeleteFunction_ShouldReturnFalse_WhenWrongUserId" classname="repository.FunctionRepositoryTest" time="0.415">
    <system-out><![CDATA[Создан тестовый пользователь с ID: 1
Очистка тестовых данных...
Тестовые данные очищены
]]></system-out>
    <system-err><![CDATA[нояб. 16, 2025 12:10:22 AM repository.DatabaseConnection setTestConnection
INFO: Установлены тестовые параметры подключения: jdbc:postgresql://localhost:5432/test_functions_database для потока: main
нояб. 16, 2025 12:10:22 AM repository.DatabaseTestConnection setupTestConnection
INFO: DatabaseTestConnection инициализирован для: jdbc:postgresql://localhost:5432/test_functions_database
нояб. 16, 2025 12:10:22 AM repository.DatabaseConnection getConnection
INFO: Подключение для потока main: jdbc:postgresql://localhost:5432/test_functions_database, user: postgres
нояб. 16, 2025 12:10:22 AM repository.dao.UserRepository createUser
INFO: Пользователь успешно создан с ID: 1
нояб. 16, 2025 12:10:22 AM repository.DatabaseConnection getConnection
INFO: Подключение для потока main: jdbc:postgresql://localhost:5432/test_functions_database, user: postgres
нояб. 16, 2025 12:10:22 AM repository.dao.FunctionRepository createFunction
INFO: Функция успешно создана с ID: 1
нояб. 16, 2025 12:10:22 AM repository.DatabaseConnection getConnection
INFO: Подключение для потока main: jdbc:postgresql://localhost:5432/test_functions_database, user: postgres
нояб. 16, 2025 12:10:22 AM repository.dao.FunctionRepository deleteFunction
WARNING: Функция для удаления не найдена с ID: 1
нояб. 16, 2025 12:10:22 AM repository.DatabaseConnection getConnection
INFO: Подключение для потока main: jdbc:postgresql://localhost:5432/test_functions_database, user: postgres
нояб. 16, 2025 12:10:22 AM repository.dao.FunctionRepository findById
INFO: Найдена функция по ID: 1
нояб. 16, 2025 12:10:22 AM repository.DatabaseConnection getConnection
INFO: Подключение для потока main: jdbc:postgresql://localhost:5432/test_functions_database, user: postgres
]]></system-err>
  </testcase>
  <testcase name="testFunctionWithSpecialCharacters_ShouldHandleCorrectly" classname="repository.FunctionRepositoryTest" time="0.564">
    <system-out><![CDATA[Создан тестовый пользователь с ID: 1
Очистка тестовых данных...
Тестовые данные очищены
]]></system-out>
    <system-err><![CDATA[нояб. 16, 2025 12:10:23 AM repository.DatabaseConnection setTestConnection
INFO: Установлены тестовые параметры подключения: jdbc:postgresql://localhost:5432/test_functions_database для потока: main
нояб. 16, 2025 12:10:23 AM repository.DatabaseTestConnection setupTestConnection
INFO: DatabaseTestConnection инициализирован для: jdbc:postgresql://localhost:5432/test_functions_database
нояб. 16, 2025 12:10:23 AM repository.DatabaseConnection getConnection
INFO: Подключение для потока main: jdbc:postgresql://localhost:5432/test_functions_database, user: postgres
нояб. 16, 2025 12:10:23 AM repository.dao.UserRepository createUser
INFO: Пользователь успешно создан с ID: 1
нояб. 16, 2025 12:10:23 AM repository.DatabaseConnection getConnection
INFO: Подключение для потока main: jdbc:postgresql://localhost:5432/test_functions_database, user: postgres
нояб. 16, 2025 12:10:23 AM repository.dao.FunctionRepository createFunction
INFO: Функция успешно создана с ID: 1
нояб. 16, 2025 12:10:23 AM repository.DatabaseConnection getConnection
INFO: Подключение для потока main: jdbc:postgresql://localhost:5432/test_functions_database, user: postgres
нояб. 16, 2025 12:10:23 AM repository.dao.FunctionRepository findById
INFO: Найдена функция по ID: 1
нояб. 16, 2025 12:10:23 AM repository.DatabaseConnection getConnection
INFO: Подключение для потока main: jdbc:postgresql://localhost:5432/test_functions_database, user: postgres
]]></system-err>
  </testcase>
  <testcase name="testDeleteFunction_ShouldDeleteFunction" classname="repository.FunctionRepositoryTest" time="0.531">
    <system-out><![CDATA[Создан тестовый пользователь с ID: 1
Очистка тестовых данных...
Тестовые данные очищены
]]></system-out>
    <system-err><![CDATA[нояб. 16, 2025 12:10:23 AM repository.DatabaseConnection setTestConnection
INFO: Установлены тестовые параметры подключения: jdbc:postgresql://localhost:5432/test_functions_database для потока: main
нояб. 16, 2025 12:10:23 AM repository.DatabaseTestConnection setupTestConnection
INFO: DatabaseTestConnection инициализирован для: jdbc:postgresql://localhost:5432/test_functions_database
нояб. 16, 2025 12:10:23 AM repository.DatabaseConnection getConnection
INFO: Подключение для потока main: jdbc:postgresql://localhost:5432/test_functions_database, user: postgres
нояб. 16, 2025 12:10:23 AM repository.dao.UserRepository createUser
INFO: Пользователь успешно создан с ID: 1
нояб. 16, 2025 12:10:23 AM repository.DatabaseConnection getConnection
INFO: Подключение для потока main: jdbc:postgresql://localhost:5432/test_functions_database, user: postgres
нояб. 16, 2025 12:10:23 AM repository.dao.FunctionRepository createFunction
INFO: Функция успешно создана с ID: 1
нояб. 16, 2025 12:10:23 AM repository.DatabaseConnection getConnection
INFO: Подключение для потока main: jdbc:postgresql://localhost:5432/test_functions_database, user: postgres
нояб. 16, 2025 12:10:23 AM repository.dao.FunctionRepository findById
INFO: Найдена функция по ID: 1
нояб. 16, 2025 12:10:23 AM repository.DatabaseConnection getConnection
INFO: Подключение для потока main: jdbc:postgresql://localhost:5432/test_functions_database, user: postgres
нояб. 16, 2025 12:10:23 AM repository.dao.FunctionRepository deleteFunction
INFO: Функция успешно удалена: 1
нояб. 16, 2025 12:10:23 AM repository.DatabaseConnection getConnection
INFO: Подключение для потока main: jdbc:postgresql://localhost:5432/test_functions_database, user: postgres
нояб. 16, 2025 12:10:23 AM repository.dao.FunctionRepository findById
INFO: Функция не найдена с ID: 1
нояб. 16, 2025 12:10:23 AM repository.DatabaseConnection getConnection
INFO: Подключение для потока main: jdbc:postgresql://localhost:5432/test_functions_database, user: postgres
]]></system-err>
  </testcase>
  <testcase name="testFindById_ShouldReturnEmpty_WhenWrongUserId" classname="repository.FunctionRepositoryTest" time="0.431">
    <system-out><![CDATA[Создан тестовый пользователь с ID: 1
Очистка тестовых данных...
Тестовые данные очищены
]]></system-out>
    <system-err><![CDATA[нояб. 16, 2025 12:10:24 AM repository.DatabaseConnection setTestConnection
INFO: Установлены тестовые параметры подключения: jdbc:postgresql://localhost:5432/test_functions_database для потока: main
нояб. 16, 2025 12:10:24 AM repository.DatabaseTestConnection setupTestConnection
INFO: DatabaseTestConnection инициализирован для: jdbc:postgresql://localhost:5432/test_functions_database
нояб. 16, 2025 12:10:24 AM repository.DatabaseConnection getConnection
INFO: Подключение для потока main: jdbc:postgresql://localhost:5432/test_functions_database, user: postgres
нояб. 16, 2025 12:10:24 AM repository.dao.UserRepository createUser
INFO: Пользователь успешно создан с ID: 1
нояб. 16, 2025 12:10:24 AM repository.DatabaseConnection getConnection
INFO: Подключение для потока main: jdbc:postgresql://localhost:5432/test_functions_database, user: postgres
нояб. 16, 2025 12:10:24 AM repository.dao.FunctionRepository createFunction
INFO: Функция успешно создана с ID: 1
нояб. 16, 2025 12:10:24 AM repository.DatabaseConnection getConnection
INFO: Подключение для потока main: jdbc:postgresql://localhost:5432/test_functions_database, user: postgres
нояб. 16, 2025 12:10:24 AM repository.dao.FunctionRepository findById
INFO: Функция не найдена с ID: 1
нояб. 16, 2025 12:10:24 AM repository.DatabaseConnection getConnection
INFO: Подключение для потока main: jdbc:postgresql://localhost:5432/test_functions_database, user: postgres
]]></system-err>
  </testcase>
  <testcase name="testUpdateFunction_ShouldUpdateFunctionData" classname="repository.FunctionRepositoryTest" time="0.463">
    <system-out><![CDATA[Создан тестовый пользователь с ID: 1
Очистка тестовых данных...
Тестовые данные очищены
]]></system-out>
    <system-err><![CDATA[нояб. 16, 2025 12:10:24 AM repository.DatabaseConnection setTestConnection
INFO: Установлены тестовые параметры подключения: jdbc:postgresql://localhost:5432/test_functions_database для потока: main
нояб. 16, 2025 12:10:24 AM repository.DatabaseTestConnection setupTestConnection
INFO: DatabaseTestConnection инициализирован для: jdbc:postgresql://localhost:5432/test_functions_database
нояб. 16, 2025 12:10:24 AM repository.DatabaseConnection getConnection
INFO: Подключение для потока main: jdbc:postgresql://localhost:5432/test_functions_database, user: postgres
нояб. 16, 2025 12:10:24 AM repository.dao.UserRepository createUser
INFO: Пользователь успешно создан с ID: 1
нояб. 16, 2025 12:10:24 AM repository.DatabaseConnection getConnection
INFO: Подключение для потока main: jdbc:postgresql://localhost:5432/test_functions_database, user: postgres
нояб. 16, 2025 12:10:24 AM repository.dao.FunctionRepository createFunction
INFO: Функция успешно создана с ID: 1
нояб. 16, 2025 12:10:24 AM repository.DatabaseConnection getConnection
INFO: Подключение для потока main: jdbc:postgresql://localhost:5432/test_functions_database, user: postgres
нояб. 16, 2025 12:10:24 AM repository.dao.FunctionRepository updateFunction
INFO: Функция успешно обновлена: 1
нояб. 16, 2025 12:10:24 AM repository.DatabaseConnection getConnection
INFO: Подключение для потока main: jdbc:postgresql://localhost:5432/test_functions_database, user: postgres
нояб. 16, 2025 12:10:24 AM repository.dao.FunctionRepository findById
INFO: Найдена функция по ID: 1
нояб. 16, 2025 12:10:24 AM repository.DatabaseConnection getConnection
INFO: Подключение для потока main: jdbc:postgresql://localhost:5432/test_functions_database, user: postgres
]]></system-err>
  </testcase>
</testsuite>