<?xml version="1.0" encoding="UTF-8"?>
<testsuite xmlns:xsi="http://www.w3.org/2001/XMLSchema-instance" xsi:noNamespaceSchemaLocation="https://maven.apache.org/surefire/maven-surefire-plugin/xsd/surefire-test-report-3.0.xsd" version="3.0" name="service.DTOTransformServiceTest" time="0.024" tests="13" errors="0" skipped="0" failures="0">
  <properties>
[...]
</properties>
  <testcase name="testDTOToString" classname="service.DTOTransformServiceTest" time="0.002">
    <system-err><![CDATA[нояб. 09, 2025 4:55:32 PM model.dto.request.FunctionRequestDTO <init>
INFO: Создан FunctionRequestDTO: test_function (тип: analytic)
нояб. 09, 2025 4:55:32 PM model.dto.request.TabulatedFunctionRequestDTO <init>
INFO: Создан TabulatedFunctionRequestDTO для функции: 1 (x=1.0, y=2.0)
нояб. 09, 2025 4:55:32 PM model.dto.request.OperationRequestDTO <init>
INFO: Создан OperationRequestDTO для функции: 1 (тип: 1)
]]></system-err>
  </testcase>
  <testcase name="testTabulatedFunctionRequestToEntity" classname="service.DTOTransformServiceTest" time="0.001">
    <system-err><![CDATA[нояб. 09, 2025 4:55:32 PM model.dto.request.FunctionRequestDTO <init>
INFO: Создан FunctionRequestDTO: test_function (тип: analytic)
нояб. 09, 2025 4:55:32 PM model.dto.request.TabulatedFunctionRequestDTO <init>
INFO: Создан TabulatedFunctionRequestDTO для функции: 1 (x=1.0, y=2.0)
нояб. 09, 2025 4:55:32 PM model.dto.request.OperationRequestDTO <init>
INFO: Создан OperationRequestDTO для функции: 1 (тип: 1)
нояб. 09, 2025 4:55:32 PM service.DTOTransformService toEntity
INFO: Преобразование TabulatedFunctionRequestDTO в TabulatedFunction entity
]]></system-err>
  </testcase>
  <testcase name="testFunctionRequestToEntity" classname="service.DTOTransformServiceTest" time="0.001">
    <system-err><![CDATA[нояб. 09, 2025 4:55:32 PM model.dto.request.FunctionRequestDTO <init>
INFO: Создан FunctionRequestDTO: test_function (тип: analytic)
нояб. 09, 2025 4:55:32 PM model.dto.request.TabulatedFunctionRequestDTO <init>
INFO: Создан TabulatedFunctionRequestDTO для функции: 1 (x=1.0, y=2.0)
нояб. 09, 2025 4:55:32 PM model.dto.request.OperationRequestDTO <init>
INFO: Создан OperationRequestDTO для функции: 1 (тип: 1)
нояб. 09, 2025 4:55:32 PM service.DTOTransformService toEntity
INFO: Преобразование FunctionRequestDTO в Function entity: test_function
]]></system-err>
  </testcase>
  <testcase name="testBatchTabulatedFunctionTransformations" classname="service.DTOTransformServiceTest" time="0.003">
    <system-err><![CDATA[нояб. 09, 2025 4:55:32 PM model.dto.request.FunctionRequestDTO <init>
INFO: Создан FunctionRequestDTO: test_function (тип: analytic)
нояб. 09, 2025 4:55:32 PM model.dto.request.TabulatedFunctionRequestDTO <init>
INFO: Создан TabulatedFunctionRequestDTO для функции: 1 (x=1.0, y=2.0)
нояб. 09, 2025 4:55:32 PM model.dto.request.OperationRequestDTO <init>
INFO: Создан OperationRequestDTO для функции: 1 (тип: 1)
нояб. 09, 2025 4:55:32 PM model.dto.request.TabulatedFunctionRequestDTO <init>
INFO: Создан TabulatedFunctionRequestDTO для функции: 1 (x=1.0, y=2.0)
нояб. 09, 2025 4:55:32 PM model.dto.request.TabulatedFunctionRequestDTO <init>
INFO: Создан TabulatedFunctionRequestDTO для функции: 1 (x=2.0, y=4.0)
нояб. 09, 2025 4:55:32 PM model.dto.request.TabulatedFunctionRequestDTO <init>
INFO: Создан TabulatedFunctionRequestDTO для функции: 1 (x=3.0, y=6.0)
нояб. 09, 2025 4:55:32 PM service.DTOTransformService toEntities
INFO: Пакетное преобразование 3 TabulatedFunctionRequestDTO в entities
нояб. 09, 2025 4:55:32 PM service.DTOTransformService toEntity
INFO: Преобразование TabulatedFunctionRequestDTO в TabulatedFunction entity
нояб. 09, 2025 4:55:32 PM service.DTOTransformService toEntity
INFO: Преобразование TabulatedFunctionRequestDTO в TabulatedFunction entity
нояб. 09, 2025 4:55:32 PM service.DTOTransformService toEntity
INFO: Преобразование TabulatedFunctionRequestDTO в TabulatedFunction entity
нояб. 09, 2025 4:55:32 PM service.DTOTransformService toEntities
INFO: Пакетное преобразование завершено, создано 3 entities
нояб. 09, 2025 4:55:32 PM service.DTOTransformService toResponseDTOs
INFO: Пакетное преобразование 3 TabulatedFunction entities в ResponseDTO
нояб. 09, 2025 4:55:32 PM service.DTOTransformService toResponseDTO
INFO: Преобразование TabulatedFunction entity в TabulatedFunctionResponseDTO
нояб. 09, 2025 4:55:32 PM model.dto.response.TabulatedFunctionResponseDTO <init>
INFO: Создан TabulatedFunctionResponseDTO: id=null (functionId: 1)
нояб. 09, 2025 4:55:32 PM service.DTOTransformService toResponseDTO
INFO: Преобразование TabulatedFunction entity в TabulatedFunctionResponseDTO
нояб. 09, 2025 4:55:32 PM model.dto.response.TabulatedFunctionResponseDTO <init>
INFO: Создан TabulatedFunctionResponseDTO: id=null (functionId: 1)
нояб. 09, 2025 4:55:32 PM service.DTOTransformService toResponseDTO
INFO: Преобразование TabulatedFunction entity в TabulatedFunctionResponseDTO
нояб. 09, 2025 4:55:32 PM model.dto.response.TabulatedFunctionResponseDTO <init>
INFO: Создан TabulatedFunctionResponseDTO: id=null (functionId: 1)
нояб. 09, 2025 4:55:32 PM service.DTOTransformService toResponseDTOs
INFO: Пакетное преобразование завершено, создано 3 ResponseDTO
]]></system-err>
  </testcase>
  <testcase name="testOperationRequestToEntity" classname="service.DTOTransformServiceTest" time="0.001">
    <system-err><![CDATA[нояб. 09, 2025 4:55:32 PM model.dto.request.FunctionRequestDTO <init>
INFO: Создан FunctionRequestDTO: test_function (тип: analytic)
нояб. 09, 2025 4:55:32 PM model.dto.request.TabulatedFunctionRequestDTO <init>
INFO: Создан TabulatedFunctionRequestDTO для функции: 1 (x=1.0, y=2.0)
нояб. 09, 2025 4:55:32 PM model.dto.request.OperationRequestDTO <init>
INFO: Создан OperationRequestDTO для функции: 1 (тип: 1)
нояб. 09, 2025 4:55:32 PM service.DTOTransformService toEntity
INFO: Преобразование OperationRequestDTO в Operation entity
]]></system-err>
  </testcase>
  <testcase name="testFunctionEntityToResponseDTO" classname="service.DTOTransformServiceTest" time="0.002">
    <system-err><![CDATA[нояб. 09, 2025 4:55:32 PM model.dto.request.FunctionRequestDTO <init>
INFO: Создан FunctionRequestDTO: test_function (тип: analytic)
нояб. 09, 2025 4:55:32 PM model.dto.request.TabulatedFunctionRequestDTO <init>
INFO: Создан TabulatedFunctionRequestDTO для функции: 1 (x=1.0, y=2.0)
нояб. 09, 2025 4:55:32 PM model.dto.request.OperationRequestDTO <init>
INFO: Создан OperationRequestDTO для функции: 1 (тип: 1)
нояб. 09, 2025 4:55:32 PM service.DTOTransformService toResponseDTO
INFO: Преобразование Function entity в FunctionResponseDTO: test_function
нояб. 09, 2025 4:55:32 PM model.dto.response.FunctionResponseDTO <init>
INFO: Создан FunctionResponseDTO: test_function (id: 1)
]]></system-err>
  </testcase>
  <testcase name="testTabulatedFunctionEntityToResponseDTO" classname="service.DTOTransformServiceTest" time="0.001">
    <system-err><![CDATA[нояб. 09, 2025 4:55:32 PM model.dto.request.FunctionRequestDTO <init>
INFO: Создан FunctionRequestDTO: test_function (тип: analytic)
нояб. 09, 2025 4:55:32 PM model.dto.request.TabulatedFunctionRequestDTO <init>
INFO: Создан TabulatedFunctionRequestDTO для функции: 1 (x=1.0, y=2.0)
нояб. 09, 2025 4:55:32 PM model.dto.request.OperationRequestDTO <init>
INFO: Создан OperationRequestDTO для функции: 1 (тип: 1)
нояб. 09, 2025 4:55:32 PM service.DTOTransformService toResponseDTO
INFO: Преобразование TabulatedFunction entity в TabulatedFunctionResponseDTO
нояб. 09, 2025 4:55:32 PM model.dto.response.TabulatedFunctionResponseDTO <init>
INFO: Создан TabulatedFunctionResponseDTO: id=1 (functionId: 1)
]]></system-err>
  </testcase>
  <testcase name="testUserResponseDTOWithoutCreatedAt" classname="service.DTOTransformServiceTest" time="0.002">
    <system-err><![CDATA[нояб. 09, 2025 4:55:32 PM model.dto.request.FunctionRequestDTO <init>
INFO: Создан FunctionRequestDTO: test_function (тип: analytic)
нояб. 09, 2025 4:55:32 PM model.dto.request.TabulatedFunctionRequestDTO <init>
INFO: Создан TabulatedFunctionRequestDTO для функции: 1 (x=1.0, y=2.0)
нояб. 09, 2025 4:55:32 PM model.dto.request.OperationRequestDTO <init>
INFO: Создан OperationRequestDTO для функции: 1 (тип: 1)
нояб. 09, 2025 4:55:32 PM model.dto.response.UserResponseDTO <init>
INFO: Создан UserResponseDTO для пользователя: testuser (id: 1)
]]></system-err>
  </testcase>
  <testcase name="testUserRequestToEntity" classname="service.DTOTransformServiceTest" time="0.001">
    <system-err><![CDATA[нояб. 09, 2025 4:55:32 PM model.dto.request.FunctionRequestDTO <init>
INFO: Создан FunctionRequestDTO: test_function (тип: analytic)
нояб. 09, 2025 4:55:32 PM model.dto.request.TabulatedFunctionRequestDTO <init>
INFO: Создан TabulatedFunctionRequestDTO для функции: 1 (x=1.0, y=2.0)
нояб. 09, 2025 4:55:32 PM model.dto.request.OperationRequestDTO <init>
INFO: Создан OperationRequestDTO для функции: 1 (тип: 1)
нояб. 09, 2025 4:55:32 PM service.DTOTransformService toEntity
INFO: Преобразование UserRequestDTO в User entity: testuser
]]></system-err>
  </testcase>
  <testcase name="testBatchUserTransformations" classname="service.DTOTransformServiceTest" time="0.001">
    <system-err><![CDATA[нояб. 09, 2025 4:55:32 PM model.dto.request.FunctionRequestDTO <init>
INFO: Создан FunctionRequestDTO: test_function (тип: analytic)
нояб. 09, 2025 4:55:32 PM model.dto.request.TabulatedFunctionRequestDTO <init>
INFO: Создан TabulatedFunctionRequestDTO для функции: 1 (x=1.0, y=2.0)
нояб. 09, 2025 4:55:32 PM model.dto.request.OperationRequestDTO <init>
INFO: Создан OperationRequestDTO для функции: 1 (тип: 1)
нояб. 09, 2025 4:55:32 PM service.DTOTransformService toUserResponseDTOs
INFO: Пакетное преобразование 3 User entities в ResponseDTO
нояб. 09, 2025 4:55:32 PM service.DTOTransformService toResponseDTO
INFO: Преобразование User entity в UserResponseDTO: user1
нояб. 09, 2025 4:55:32 PM model.dto.response.UserResponseDTO <init>
INFO: Создан UserResponseDTO для пользователя: user1 (id: 1)
нояб. 09, 2025 4:55:32 PM service.DTOTransformService toResponseDTO
INFO: Преобразование User entity в UserResponseDTO: user2
нояб. 09, 2025 4:55:32 PM model.dto.response.UserResponseDTO <init>
INFO: Создан UserResponseDTO для пользователя: user2 (id: 2)
нояб. 09, 2025 4:55:32 PM service.DTOTransformService toResponseDTO
INFO: Преобразование User entity в UserResponseDTO: user3
нояб. 09, 2025 4:55:32 PM model.dto.response.UserResponseDTO <init>
INFO: Создан UserResponseDTO для пользователя: user3 (id: 3)
нояб. 09, 2025 4:55:32 PM service.DTOTransformService toUserResponseDTOs
INFO: Пакетное преобразование завершено, создано 3 UserResponseDTO
]]></system-err>
  </testcase>
  <testcase name="testOperationEntityToResponseDTO" classname="service.DTOTransformServiceTest" time="0.002">
    <system-err><![CDATA[нояб. 09, 2025 4:55:32 PM model.dto.request.FunctionRequestDTO <init>
INFO: Создан FunctionRequestDTO: test_function (тип: analytic)
нояб. 09, 2025 4:55:32 PM model.dto.request.TabulatedFunctionRequestDTO <init>
INFO: Создан TabulatedFunctionRequestDTO для функции: 1 (x=1.0, y=2.0)
нояб. 09, 2025 4:55:32 PM model.dto.request.OperationRequestDTO <init>
INFO: Создан OperationRequestDTO для функции: 1 (тип: 1)
нояб. 09, 2025 4:55:32 PM service.DTOTransformService toResponseDTO
INFO: Преобразование Operation entity в OperationResponseDTO
нояб. 09, 2025 4:55:32 PM model.dto.response.OperationResponseDTO <init>
INFO: Создан OperationResponseDTO: id=1 (functionId: 1)
]]></system-err>
  </testcase>
  <testcase name="testBatchFunctionTransformations" classname="service.DTOTransformServiceTest" time="0.002">
    <system-err><![CDATA[нояб. 09, 2025 4:55:32 PM model.dto.request.FunctionRequestDTO <init>
INFO: Создан FunctionRequestDTO: test_function (тип: analytic)
нояб. 09, 2025 4:55:32 PM model.dto.request.TabulatedFunctionRequestDTO <init>
INFO: Создан TabulatedFunctionRequestDTO для функции: 1 (x=1.0, y=2.0)
нояб. 09, 2025 4:55:32 PM model.dto.request.OperationRequestDTO <init>
INFO: Создан OperationRequestDTO для функции: 1 (тип: 1)
нояб. 09, 2025 4:55:32 PM service.DTOTransformService toFunctionResponseDTOs
INFO: Пакетное преобразование 3 Function entities в ResponseDTO
нояб. 09, 2025 4:55:32 PM service.DTOTransformService toResponseDTO
INFO: Преобразование Function entity в FunctionResponseDTO: func1
нояб. 09, 2025 4:55:32 PM model.dto.response.FunctionResponseDTO <init>
INFO: Создан FunctionResponseDTO: func1 (id: 1)
нояб. 09, 2025 4:55:32 PM service.DTOTransformService toResponseDTO
INFO: Преобразование Function entity в FunctionResponseDTO: func2
нояб. 09, 2025 4:55:32 PM model.dto.response.FunctionResponseDTO <init>
INFO: Создан FunctionResponseDTO: func2 (id: 2)
нояб. 09, 2025 4:55:32 PM service.DTOTransformService toResponseDTO
INFO: Преобразование Function entity в FunctionResponseDTO: func3
нояб. 09, 2025 4:55:32 PM model.dto.response.FunctionResponseDTO <init>
INFO: Создан FunctionResponseDTO: func3 (id: 3)
нояб. 09, 2025 4:55:32 PM service.DTOTransformService toFunctionResponseDTOs
INFO: Пакетное преобразование завершено, создано 3 FunctionResponseDTO
]]></system-err>
  </testcase>
  <testcase name="testUserEntityToResponseDTO" classname="service.DTOTransformServiceTest" time="0.001">
    <system-err><![CDATA[нояб. 09, 2025 4:55:32 PM model.dto.request.FunctionRequestDTO <init>
INFO: Создан FunctionRequestDTO: test_function (тип: analytic)
нояб. 09, 2025 4:55:32 PM model.dto.request.TabulatedFunctionRequestDTO <init>
INFO: Создан TabulatedFunctionRequestDTO для функции: 1 (x=1.0, y=2.0)
нояб. 09, 2025 4:55:32 PM model.dto.request.OperationRequestDTO <init>
INFO: Создан OperationRequestDTO для функции: 1 (тип: 1)
нояб. 09, 2025 4:55:32 PM service.DTOTransformService toResponseDTO
INFO: Преобразование User entity в UserResponseDTO: testuser
нояб. 09, 2025 4:55:32 PM model.dto.response.UserResponseDTO <init>
INFO: Создан UserResponseDTO для пользователя: testuser (id: 1)
]]></system-err>
  </testcase>
</testsuite>