<?xml version="1.0" encoding="UTF-8"?>
<testsuite xmlns:xsi="http://www.w3.org/2001/XMLSchema-instance" xsi:noNamespaceSchemaLocation="https://maven.apache.org/surefire/maven-surefire-plugin/xsd/surefire-test-report-3.0.xsd" version="3.0" name="core.repository.TabulatedFunctionRepositoryTest" time="0.024" tests="1" errors="0" skipped="0" failures="0">
  <properties>
[...]
</properties>
  <testcase name="testSaveFindDeleteTabulatedFunction" classname="core.repository.TabulatedFunctionRepositoryTest" time="0.008">
    <system-out><![CDATA[2025-11-17T02:01:23.464+04:00  INFO 25612 --- [           main] t.c.s.AnnotationConfigContextLoaderUtils : Could not detect default configuration classes for test class [core.repository.TabulatedFunctionRepositoryTest]: TabulatedFunctionRepositoryTest does not declare any static, non-private, non-final, nested classes annotated with @Configuration.
2025-11-17T02:01:23.473+04:00  INFO 25612 --- [           main] .b.t.c.SpringBootTestContextBootstrapper : Found @SpringBootConfiguration core.Application for test class core.repository.TabulatedFunctionRepositoryTest
Hibernate: 
    insert 
    into
        users
        (name, password_hash, role, id) 
    values
        (?, ?, ?, default)
Hibernate: 
    insert 
    into
        functions
        (function_expression, function_name, type_function, user_id, id) 
    values
        (?, ?, ?, ?, default)
Hibernate: 
    insert 
    into
        tabulated_functions
        (function_id, x_val, y_val, id) 
    values
        (?, ?, ?, default)
]]></system-out>
  </testcase>
</testsuite>