<?xml version="1.0" encoding="UTF-8"?>
<testsuite xmlns:xsi="http://www.w3.org/2001/XMLSchema-instance" xsi:noNamespaceSchemaLocation="https://maven.apache.org/surefire/maven-surefire-plugin/xsd/surefire-test-report-3.0.xsd" version="3.0" name="repository.FunctionRepositoryTest" time="7.575" tests="14" errors="0" skipped="0" failures="0">
  <properties>
[...]
</properties>
  <testcase name="testFindByUserId_ShouldReturnAllUserFunctions" classname="repository.FunctionRepositoryTest" time="1.261">
    <system-err><![CDATA[нояб. 09, 2025 4:55:08 PM repository.DatabaseConnection getConnection
INFO: Подключение для потока main: jdbc:postgresql://localhost:5432/test_10k_db, user: postgres
SLF4J: Failed to load class "org.slf4j.impl.StaticLoggerBinder".
SLF4J: Defaulting to no-operation (NOP) logger implementation
SLF4J: See http://www.slf4j.org/codes.html#StaticLoggerBinder for further details.
нояб. 09, 2025 4:55:08 PM repository.UserRepository createUser
INFO: Пользователь успешно создан с ID: 10008
нояб. 09, 2025 4:55:08 PM repository.DatabaseConnection getConnection
INFO: Подключение для потока main: jdbc:postgresql://localhost:5432/test_10k_db, user: postgres
нояб. 09, 2025 4:55:08 PM repository.FunctionRepository createFunction
INFO: Функция успешно создана с ID: 10039
нояб. 09, 2025 4:55:08 PM repository.DatabaseConnection getConnection
INFO: Подключение для потока main: jdbc:postgresql://localhost:5432/test_10k_db, user: postgres
нояб. 09, 2025 4:55:09 PM repository.DatabaseConnection getConnection
INFO: Подключение для потока main: jdbc:postgresql://localhost:5432/test_10k_db, user: postgres
нояб. 09, 2025 4:55:09 PM repository.FunctionRepository createFunction
INFO: Функция успешно создана с ID: 10040
нояб. 09, 2025 4:55:09 PM repository.DatabaseConnection getConnection
INFO: Подключение для потока main: jdbc:postgresql://localhost:5432/test_10k_db, user: postgres
нояб. 09, 2025 4:55:09 PM repository.DatabaseConnection getConnection
INFO: Подключение для потока main: jdbc:postgresql://localhost:5432/test_10k_db, user: postgres
нояб. 09, 2025 4:55:09 PM repository.FunctionRepository createFunction
INFO: Функция успешно создана с ID: 10041
нояб. 09, 2025 4:55:09 PM repository.DatabaseConnection getConnection
INFO: Подключение для потока main: jdbc:postgresql://localhost:5432/test_10k_db, user: postgres
нояб. 09, 2025 4:55:09 PM repository.DatabaseConnection getConnection
INFO: Подключение для потока main: jdbc:postgresql://localhost:5432/test_10k_db, user: postgres
нояб. 09, 2025 4:55:09 PM repository.FunctionRepository findByUserId
INFO: Найдено 3 функций для пользователя с ID: 10008
нояб. 09, 2025 4:55:09 PM repository.DatabaseConnection getConnection
INFO: Подключение для потока main: jdbc:postgresql://localhost:5432/test_10k_db, user: postgres
нояб. 09, 2025 4:55:09 PM repository.DatabaseConnection getConnection
INFO: Подключение для потока main: jdbc:postgresql://localhost:5432/test_10k_db, user: postgres
]]></system-err>
  </testcase>
  <testcase name="testCreateFunction_ShouldCreateNewFunction" classname="repository.FunctionRepositoryTest" time="0.369">
    <system-err><![CDATA[нояб. 09, 2025 4:55:09 PM repository.DatabaseConnection getConnection
INFO: Подключение для потока main: jdbc:postgresql://localhost:5432/test_10k_db, user: postgres
нояб. 09, 2025 4:55:09 PM repository.UserRepository createUser
INFO: Пользователь успешно создан с ID: 1
нояб. 09, 2025 4:55:09 PM repository.DatabaseConnection getConnection
INFO: Подключение для потока main: jdbc:postgresql://localhost:5432/test_10k_db, user: postgres
нояб. 09, 2025 4:55:09 PM repository.FunctionRepository createFunction
INFO: Функция успешно создана с ID: 1
нояб. 09, 2025 4:55:09 PM repository.DatabaseConnection getConnection
INFO: Подключение для потока main: jdbc:postgresql://localhost:5432/test_10k_db, user: postgres
нояб. 09, 2025 4:55:09 PM repository.DatabaseConnection getConnection
INFO: Подключение для потока main: jdbc:postgresql://localhost:5432/test_10k_db, user: postgres
нояб. 09, 2025 4:55:09 PM repository.FunctionRepository findById
INFO: Найдена функция по ID: 1
нояб. 09, 2025 4:55:09 PM repository.DatabaseConnection getConnection
INFO: Подключение для потока main: jdbc:postgresql://localhost:5432/test_10k_db, user: postgres
нояб. 09, 2025 4:55:10 PM repository.DatabaseConnection getConnection
INFO: Подключение для потока main: jdbc:postgresql://localhost:5432/test_10k_db, user: postgres
]]></system-err>
  </testcase>
  <testcase name="testDeleteFunction_ShouldReturnFalse_WhenFunctionNotExists" classname="repository.FunctionRepositoryTest" time="0.243">
    <system-err><![CDATA[нояб. 09, 2025 4:55:10 PM repository.DatabaseConnection getConnection
INFO: Подключение для потока main: jdbc:postgresql://localhost:5432/test_10k_db, user: postgres
нояб. 09, 2025 4:55:10 PM repository.UserRepository createUser
INFO: Пользователь успешно создан с ID: 1
нояб. 09, 2025 4:55:10 PM repository.DatabaseConnection getConnection
INFO: Подключение для потока main: jdbc:postgresql://localhost:5432/test_10k_db, user: postgres
нояб. 09, 2025 4:55:10 PM repository.FunctionRepository deleteFunction
WARNING: Функция для удаления не найдена с ID: 999999
нояб. 09, 2025 4:55:10 PM repository.DatabaseConnection getConnection
INFO: Подключение для потока main: jdbc:postgresql://localhost:5432/test_10k_db, user: postgres
нояб. 09, 2025 4:55:10 PM repository.DatabaseConnection getConnection
INFO: Подключение для потока main: jdbc:postgresql://localhost:5432/test_10k_db, user: postgres
]]></system-err>
  </testcase>
  <testcase name="testFindById_ShouldReturnFunction_WhenFunctionExists" classname="repository.FunctionRepositoryTest" time="0.396">
    <system-err><![CDATA[нояб. 09, 2025 4:55:10 PM repository.DatabaseConnection getConnection
INFO: Подключение для потока main: jdbc:postgresql://localhost:5432/test_10k_db, user: postgres
нояб. 09, 2025 4:55:10 PM repository.UserRepository createUser
INFO: Пользователь успешно создан с ID: 1
нояб. 09, 2025 4:55:10 PM repository.DatabaseConnection getConnection
INFO: Подключение для потока main: jdbc:postgresql://localhost:5432/test_10k_db, user: postgres
нояб. 09, 2025 4:55:10 PM repository.FunctionRepository createFunction
INFO: Функция успешно создана с ID: 1
нояб. 09, 2025 4:55:10 PM repository.DatabaseConnection getConnection
INFO: Подключение для потока main: jdbc:postgresql://localhost:5432/test_10k_db, user: postgres
нояб. 09, 2025 4:55:10 PM repository.DatabaseConnection getConnection
INFO: Подключение для потока main: jdbc:postgresql://localhost:5432/test_10k_db, user: postgres
нояб. 09, 2025 4:55:10 PM repository.FunctionRepository findById
INFO: Найдена функция по ID: 1
нояб. 09, 2025 4:55:10 PM repository.DatabaseConnection getConnection
INFO: Подключение для потока main: jdbc:postgresql://localhost:5432/test_10k_db, user: postgres
нояб. 09, 2025 4:55:10 PM repository.DatabaseConnection getConnection
INFO: Подключение для потока main: jdbc:postgresql://localhost:5432/test_10k_db, user: postgres
]]></system-err>
  </testcase>
  <testcase name="testFindByType_ShouldReturnFunctionsByType" classname="repository.FunctionRepositoryTest" time="0.84">
    <system-err><![CDATA[нояб. 09, 2025 4:55:10 PM repository.DatabaseConnection getConnection
INFO: Подключение для потока main: jdbc:postgresql://localhost:5432/test_10k_db, user: postgres
нояб. 09, 2025 4:55:10 PM repository.UserRepository createUser
INFO: Пользователь успешно создан с ID: 1
нояб. 09, 2025 4:55:10 PM repository.DatabaseConnection getConnection
INFO: Подключение для потока main: jdbc:postgresql://localhost:5432/test_10k_db, user: postgres
нояб. 09, 2025 4:55:10 PM repository.FunctionRepository createFunction
INFO: Функция успешно создана с ID: 1
нояб. 09, 2025 4:55:10 PM repository.DatabaseConnection getConnection
INFO: Подключение для потока main: jdbc:postgresql://localhost:5432/test_10k_db, user: postgres
нояб. 09, 2025 4:55:10 PM repository.DatabaseConnection getConnection
INFO: Подключение для потока main: jdbc:postgresql://localhost:5432/test_10k_db, user: postgres
нояб. 09, 2025 4:55:10 PM repository.FunctionRepository createFunction
INFO: Функция успешно создана с ID: 2
нояб. 09, 2025 4:55:10 PM repository.DatabaseConnection getConnection
INFO: Подключение для потока main: jdbc:postgresql://localhost:5432/test_10k_db, user: postgres
нояб. 09, 2025 4:55:11 PM repository.DatabaseConnection getConnection
INFO: Подключение для потока main: jdbc:postgresql://localhost:5432/test_10k_db, user: postgres
нояб. 09, 2025 4:55:11 PM repository.FunctionRepository createFunction
INFO: Функция успешно создана с ID: 3
нояб. 09, 2025 4:55:11 PM repository.DatabaseConnection getConnection
INFO: Подключение для потока main: jdbc:postgresql://localhost:5432/test_10k_db, user: postgres
нояб. 09, 2025 4:55:11 PM repository.DatabaseConnection getConnection
INFO: Подключение для потока main: jdbc:postgresql://localhost:5432/test_10k_db, user: postgres
нояб. 09, 2025 4:55:11 PM repository.FunctionRepository createFunction
INFO: Функция успешно создана с ID: 4
нояб. 09, 2025 4:55:11 PM repository.DatabaseConnection getConnection
INFO: Подключение для потока main: jdbc:postgresql://localhost:5432/test_10k_db, user: postgres
нояб. 09, 2025 4:55:11 PM repository.DatabaseConnection getConnection
INFO: Подключение для потока main: jdbc:postgresql://localhost:5432/test_10k_db, user: postgres
нояб. 09, 2025 4:55:11 PM repository.FunctionRepository findByType
INFO: Найдено 2 функций типа: analytic
нояб. 09, 2025 4:55:11 PM repository.DatabaseConnection getConnection
INFO: Подключение для потока main: jdbc:postgresql://localhost:5432/test_10k_db, user: postgres
нояб. 09, 2025 4:55:11 PM repository.DatabaseConnection getConnection
INFO: Подключение для потока main: jdbc:postgresql://localhost:5432/test_10k_db, user: postgres
нояб. 09, 2025 4:55:11 PM repository.FunctionRepository findByType
INFO: Найдено 2 функций типа: tabular
нояб. 09, 2025 4:55:11 PM repository.DatabaseConnection getConnection
INFO: Подключение для потока main: jdbc:postgresql://localhost:5432/test_10k_db, user: postgres
нояб. 09, 2025 4:55:11 PM repository.DatabaseConnection getConnection
INFO: Подключение для потока main: jdbc:postgresql://localhost:5432/test_10k_db, user: postgres
]]></system-err>
  </testcase>
  <testcase name="testFindByUserId_ShouldReturnEmptyList_WhenNoFunctions" classname="repository.FunctionRepositoryTest" time="0.259">
    <system-err><![CDATA[нояб. 09, 2025 4:55:11 PM repository.DatabaseConnection getConnection
INFO: Подключение для потока main: jdbc:postgresql://localhost:5432/test_10k_db, user: postgres
нояб. 09, 2025 4:55:11 PM repository.UserRepository createUser
INFO: Пользователь успешно создан с ID: 1
нояб. 09, 2025 4:55:11 PM repository.DatabaseConnection getConnection
INFO: Подключение для потока main: jdbc:postgresql://localhost:5432/test_10k_db, user: postgres
нояб. 09, 2025 4:55:11 PM repository.FunctionRepository findByUserId
INFO: Найдено 0 функций для пользователя с ID: 1
нояб. 09, 2025 4:55:11 PM repository.DatabaseConnection getConnection
INFO: Подключение для потока main: jdbc:postgresql://localhost:5432/test_10k_db, user: postgres
нояб. 09, 2025 4:55:11 PM repository.DatabaseConnection getConnection
INFO: Подключение для потока main: jdbc:postgresql://localhost:5432/test_10k_db, user: postgres
]]></system-err>
  </testcase>
  <testcase name="testUpdateFunction_ShouldReturnFalse_WhenFunctionNotExists" classname="repository.FunctionRepositoryTest" time="0.274">
    <system-err><![CDATA[нояб. 09, 2025 4:55:11 PM repository.DatabaseConnection getConnection
INFO: Подключение для потока main: jdbc:postgresql://localhost:5432/test_10k_db, user: postgres
нояб. 09, 2025 4:55:11 PM repository.UserRepository createUser
INFO: Пользователь успешно создан с ID: 1
нояб. 09, 2025 4:55:11 PM repository.DatabaseConnection getConnection
INFO: Подключение для потока main: jdbc:postgresql://localhost:5432/test_10k_db, user: postgres
нояб. 09, 2025 4:55:11 PM repository.FunctionRepository updateFunction
WARNING: Функция для обновления не найдена с ID: 999999
нояб. 09, 2025 4:55:11 PM repository.DatabaseConnection getConnection
INFO: Подключение для потока main: jdbc:postgresql://localhost:5432/test_10k_db, user: postgres
нояб. 09, 2025 4:55:12 PM repository.DatabaseConnection getConnection
INFO: Подключение для потока main: jdbc:postgresql://localhost:5432/test_10k_db, user: postgres
]]></system-err>
  </testcase>
  <testcase name="testFindById_ShouldReturnEmpty_WhenFunctionNotExists" classname="repository.FunctionRepositoryTest" time="0.321">
    <system-err><![CDATA[нояб. 09, 2025 4:55:12 PM repository.DatabaseConnection getConnection
INFO: Подключение для потока main: jdbc:postgresql://localhost:5432/test_10k_db, user: postgres
нояб. 09, 2025 4:55:12 PM repository.UserRepository createUser
INFO: Пользователь успешно создан с ID: 1
нояб. 09, 2025 4:55:12 PM repository.DatabaseConnection getConnection
INFO: Подключение для потока main: jdbc:postgresql://localhost:5432/test_10k_db, user: postgres
нояб. 09, 2025 4:55:12 PM repository.FunctionRepository findById
INFO: Функция не найдена с ID: 999999
нояб. 09, 2025 4:55:12 PM repository.DatabaseConnection getConnection
INFO: Подключение для потока main: jdbc:postgresql://localhost:5432/test_10k_db, user: postgres
нояб. 09, 2025 4:55:12 PM repository.DatabaseConnection getConnection
INFO: Подключение для потока main: jdbc:postgresql://localhost:5432/test_10k_db, user: postgres
]]></system-err>
  </testcase>
  <testcase name="testCreateFunction_ShouldCreateTabularFunction_WithNullExpression" classname="repository.FunctionRepositoryTest" time="0.484">
    <system-err><![CDATA[нояб. 09, 2025 4:55:12 PM repository.DatabaseConnection getConnection
INFO: Подключение для потока main: jdbc:postgresql://localhost:5432/test_10k_db, user: postgres
нояб. 09, 2025 4:55:12 PM repository.UserRepository createUser
INFO: Пользователь успешно создан с ID: 1
нояб. 09, 2025 4:55:12 PM repository.DatabaseConnection getConnection
INFO: Подключение для потока main: jdbc:postgresql://localhost:5432/test_10k_db, user: postgres
нояб. 09, 2025 4:55:12 PM repository.FunctionRepository createFunction
INFO: Функция успешно создана с ID: 1
нояб. 09, 2025 4:55:12 PM repository.DatabaseConnection getConnection
INFO: Подключение для потока main: jdbc:postgresql://localhost:5432/test_10k_db, user: postgres
нояб. 09, 2025 4:55:12 PM repository.DatabaseConnection getConnection
INFO: Подключение для потока main: jdbc:postgresql://localhost:5432/test_10k_db, user: postgres
нояб. 09, 2025 4:55:12 PM repository.FunctionRepository findById
INFO: Найдена функция по ID: 1
нояб. 09, 2025 4:55:12 PM repository.DatabaseConnection getConnection
INFO: Подключение для потока main: jdbc:postgresql://localhost:5432/test_10k_db, user: postgres
нояб. 09, 2025 4:55:12 PM repository.DatabaseConnection getConnection
INFO: Подключение для потока main: jdbc:postgresql://localhost:5432/test_10k_db, user: postgres
]]></system-err>
  </testcase>
  <testcase name="testFindByName_ShouldReturnMatchingFunctions" classname="repository.FunctionRepositoryTest" time="0.591">
    <system-err><![CDATA[нояб. 09, 2025 4:55:12 PM repository.DatabaseConnection getConnection
INFO: Подключение для потока main: jdbc:postgresql://localhost:5432/test_10k_db, user: postgres
нояб. 09, 2025 4:55:12 PM repository.UserRepository createUser
INFO: Пользователь успешно создан с ID: 1
нояб. 09, 2025 4:55:12 PM repository.DatabaseConnection getConnection
INFO: Подключение для потока main: jdbc:postgresql://localhost:5432/test_10k_db, user: postgres
нояб. 09, 2025 4:55:13 PM repository.FunctionRepository createFunction
INFO: Функция успешно создана с ID: 1
нояб. 09, 2025 4:55:13 PM repository.DatabaseConnection getConnection
INFO: Подключение для потока main: jdbc:postgresql://localhost:5432/test_10k_db, user: postgres
нояб. 09, 2025 4:55:13 PM repository.DatabaseConnection getConnection
INFO: Подключение для потока main: jdbc:postgresql://localhost:5432/test_10k_db, user: postgres
нояб. 09, 2025 4:55:13 PM repository.FunctionRepository createFunction
INFO: Функция успешно создана с ID: 2
нояб. 09, 2025 4:55:13 PM repository.DatabaseConnection getConnection
INFO: Подключение для потока main: jdbc:postgresql://localhost:5432/test_10k_db, user: postgres
нояб. 09, 2025 4:55:13 PM repository.DatabaseConnection getConnection
INFO: Подключение для потока main: jdbc:postgresql://localhost:5432/test_10k_db, user: postgres
нояб. 09, 2025 4:55:13 PM repository.FunctionRepository createFunction
INFO: Функция успешно создана с ID: 3
нояб. 09, 2025 4:55:13 PM repository.DatabaseConnection getConnection
INFO: Подключение для потока main: jdbc:postgresql://localhost:5432/test_10k_db, user: postgres
нояб. 09, 2025 4:55:13 PM repository.DatabaseConnection getConnection
INFO: Подключение для потока main: jdbc:postgresql://localhost:5432/test_10k_db, user: postgres
нояб. 09, 2025 4:55:13 PM repository.FunctionRepository findByName
INFO: Найдено 2 функций по шаблону имени: quadratic
нояб. 09, 2025 4:55:13 PM repository.DatabaseConnection getConnection
INFO: Подключение для потока main: jdbc:postgresql://localhost:5432/test_10k_db, user: postgres
нояб. 09, 2025 4:55:13 PM repository.DatabaseConnection getConnection
INFO: Подключение для потока main: jdbc:postgresql://localhost:5432/test_10k_db, user: postgres
]]></system-err>
  </testcase>
  <testcase name="testDeleteFunction_ShouldReturnFalse_WhenWrongUserId" classname="repository.FunctionRepositoryTest" time="0.696">
    <system-err><![CDATA[нояб. 09, 2025 4:55:13 PM repository.DatabaseConnection getConnection
INFO: Подключение для потока main: jdbc:postgresql://localhost:5432/test_10k_db, user: postgres
нояб. 09, 2025 4:55:13 PM repository.UserRepository createUser
INFO: Пользователь успешно создан с ID: 1
нояб. 09, 2025 4:55:13 PM repository.DatabaseConnection getConnection
INFO: Подключение для потока main: jdbc:postgresql://localhost:5432/test_10k_db, user: postgres
нояб. 09, 2025 4:55:13 PM repository.FunctionRepository createFunction
INFO: Функция успешно создана с ID: 1
нояб. 09, 2025 4:55:13 PM repository.DatabaseConnection getConnection
INFO: Подключение для потока main: jdbc:postgresql://localhost:5432/test_10k_db, user: postgres
нояб. 09, 2025 4:55:13 PM repository.DatabaseConnection getConnection
INFO: Подключение для потока main: jdbc:postgresql://localhost:5432/test_10k_db, user: postgres
нояб. 09, 2025 4:55:13 PM repository.FunctionRepository deleteFunction
WARNING: Функция для удаления не найдена с ID: 1
нояб. 09, 2025 4:55:13 PM repository.DatabaseConnection getConnection
INFO: Подключение для потока main: jdbc:postgresql://localhost:5432/test_10k_db, user: postgres
нояб. 09, 2025 4:55:13 PM repository.DatabaseConnection getConnection
INFO: Подключение для потока main: jdbc:postgresql://localhost:5432/test_10k_db, user: postgres
нояб. 09, 2025 4:55:13 PM repository.FunctionRepository findById
INFO: Найдена функция по ID: 1
нояб. 09, 2025 4:55:13 PM repository.DatabaseConnection getConnection
INFO: Подключение для потока main: jdbc:postgresql://localhost:5432/test_10k_db, user: postgres
нояб. 09, 2025 4:55:14 PM repository.DatabaseConnection getConnection
INFO: Подключение для потока main: jdbc:postgresql://localhost:5432/test_10k_db, user: postgres
]]></system-err>
  </testcase>
  <testcase name="testDeleteFunction_ShouldDeleteFunction" classname="repository.FunctionRepositoryTest" time="0.749">
    <system-err><![CDATA[нояб. 09, 2025 4:55:14 PM repository.DatabaseConnection getConnection
INFO: Подключение для потока main: jdbc:postgresql://localhost:5432/test_10k_db, user: postgres
нояб. 09, 2025 4:55:14 PM repository.UserRepository createUser
INFO: Пользователь успешно создан с ID: 1
нояб. 09, 2025 4:55:14 PM repository.DatabaseConnection getConnection
INFO: Подключение для потока main: jdbc:postgresql://localhost:5432/test_10k_db, user: postgres
нояб. 09, 2025 4:55:14 PM repository.FunctionRepository createFunction
INFO: Функция успешно создана с ID: 1
нояб. 09, 2025 4:55:14 PM repository.DatabaseConnection getConnection
INFO: Подключение для потока main: jdbc:postgresql://localhost:5432/test_10k_db, user: postgres
нояб. 09, 2025 4:55:14 PM repository.DatabaseConnection getConnection
INFO: Подключение для потока main: jdbc:postgresql://localhost:5432/test_10k_db, user: postgres
нояб. 09, 2025 4:55:14 PM repository.FunctionRepository findById
INFO: Найдена функция по ID: 1
нояб. 09, 2025 4:55:14 PM repository.DatabaseConnection getConnection
INFO: Подключение для потока main: jdbc:postgresql://localhost:5432/test_10k_db, user: postgres
нояб. 09, 2025 4:55:14 PM repository.DatabaseConnection getConnection
INFO: Подключение для потока main: jdbc:postgresql://localhost:5432/test_10k_db, user: postgres
нояб. 09, 2025 4:55:14 PM repository.FunctionRepository deleteFunction
INFO: Функция успешно удалена: 1
нояб. 09, 2025 4:55:14 PM repository.DatabaseConnection getConnection
INFO: Подключение для потока main: jdbc:postgresql://localhost:5432/test_10k_db, user: postgres
нояб. 09, 2025 4:55:14 PM repository.DatabaseConnection getConnection
INFO: Подключение для потока main: jdbc:postgresql://localhost:5432/test_10k_db, user: postgres
нояб. 09, 2025 4:55:14 PM repository.FunctionRepository findById
INFO: Функция не найдена с ID: 1
нояб. 09, 2025 4:55:14 PM repository.DatabaseConnection getConnection
INFO: Подключение для потока main: jdbc:postgresql://localhost:5432/test_10k_db, user: postgres
нояб. 09, 2025 4:55:14 PM repository.DatabaseConnection getConnection
INFO: Подключение для потока main: jdbc:postgresql://localhost:5432/test_10k_db, user: postgres
]]></system-err>
  </testcase>
  <testcase name="testFindById_ShouldReturnEmpty_WhenWrongUserId" classname="repository.FunctionRepositoryTest" time="0.508">
    <system-err><![CDATA[нояб. 09, 2025 4:55:14 PM repository.DatabaseConnection getConnection
INFO: Подключение для потока main: jdbc:postgresql://localhost:5432/test_10k_db, user: postgres
нояб. 09, 2025 4:55:15 PM repository.UserRepository createUser
INFO: Пользователь успешно создан с ID: 1
нояб. 09, 2025 4:55:15 PM repository.DatabaseConnection getConnection
INFO: Подключение для потока main: jdbc:postgresql://localhost:5432/test_10k_db, user: postgres
нояб. 09, 2025 4:55:15 PM repository.FunctionRepository createFunction
INFO: Функция успешно создана с ID: 1
нояб. 09, 2025 4:55:15 PM repository.DatabaseConnection getConnection
INFO: Подключение для потока main: jdbc:postgresql://localhost:5432/test_10k_db, user: postgres
нояб. 09, 2025 4:55:15 PM repository.DatabaseConnection getConnection
INFO: Подключение для потока main: jdbc:postgresql://localhost:5432/test_10k_db, user: postgres
нояб. 09, 2025 4:55:15 PM repository.FunctionRepository findById
INFO: Функция не найдена с ID: 1
нояб. 09, 2025 4:55:15 PM repository.DatabaseConnection getConnection
INFO: Подключение для потока main: jdbc:postgresql://localhost:5432/test_10k_db, user: postgres
нояб. 09, 2025 4:55:15 PM repository.DatabaseConnection getConnection
INFO: Подключение для потока main: jdbc:postgresql://localhost:5432/test_10k_db, user: postgres
]]></system-err>
  </testcase>
  <testcase name="testUpdateFunction_ShouldUpdateFunctionData" classname="repository.FunctionRepositoryTest" time="0.573">
    <system-err><![CDATA[нояб. 09, 2025 4:55:15 PM repository.DatabaseConnection getConnection
INFO: Подключение для потока main: jdbc:postgresql://localhost:5432/test_10k_db, user: postgres
нояб. 09, 2025 4:55:15 PM repository.UserRepository createUser
INFO: Пользователь успешно создан с ID: 1
нояб. 09, 2025 4:55:15 PM repository.DatabaseConnection getConnection
INFO: Подключение для потока main: jdbc:postgresql://localhost:5432/test_10k_db, user: postgres
нояб. 09, 2025 4:55:15 PM repository.FunctionRepository createFunction
INFO: Функция успешно создана с ID: 1
нояб. 09, 2025 4:55:15 PM repository.DatabaseConnection getConnection
INFO: Подключение для потока main: jdbc:postgresql://localhost:5432/test_10k_db, user: postgres
нояб. 09, 2025 4:55:15 PM repository.DatabaseConnection getConnection
INFO: Подключение для потока main: jdbc:postgresql://localhost:5432/test_10k_db, user: postgres
нояб. 09, 2025 4:55:15 PM repository.FunctionRepository updateFunction
INFO: Функция успешно обновлена: 1
нояб. 09, 2025 4:55:15 PM repository.DatabaseConnection getConnection
INFO: Подключение для потока main: jdbc:postgresql://localhost:5432/test_10k_db, user: postgres
нояб. 09, 2025 4:55:15 PM repository.DatabaseConnection getConnection
INFO: Подключение для потока main: jdbc:postgresql://localhost:5432/test_10k_db, user: postgres
нояб. 09, 2025 4:55:15 PM repository.FunctionRepository findById
INFO: Найдена функция по ID: 1
нояб. 09, 2025 4:55:15 PM repository.DatabaseConnection getConnection
INFO: Подключение для потока main: jdbc:postgresql://localhost:5432/test_10k_db, user: postgres
нояб. 09, 2025 4:55:15 PM repository.DatabaseConnection getConnection
INFO: Подключение для потока main: jdbc:postgresql://localhost:5432/test_10k_db, user: postgres
]]></system-err>
  </testcase>
</testsuite>