<?xml version="1.0" encoding="UTF-8"?>
<testsuite xmlns:xsi="http://www.w3.org/2001/XMLSchema-instance" xsi:noNamespaceSchemaLocation="https://maven.apache.org/surefire/maven-surefire-plugin/xsd/surefire-test-report-3.0.xsd" version="3.0" name="functions.AbstractTabulatedFunctionTest" time="0.079" tests="47" errors="0" skipped="0" failures="0">
  <properties>
[...]
</properties>
  <testcase name="testCheckSorted_NegativeAndPositive_Success" classname="functions.AbstractTabulatedFunctionTest" time="0.003"/>
  <testcase name="testRightBound" classname="functions.AbstractTabulatedFunctionTest" time="0.001"/>
  <testcase name="testInterpolate_InsideInterval_Success" classname="functions.AbstractTabulatedFunctionTest" time="0.002"/>
  <testcase name="testCheckLengthIsTheSame_DifferentLength_ThrowsException" classname="functions.AbstractTabulatedFunctionTest" time="0.001"/>
  <testcase name="testIndexOfY_NotFound" classname="functions.AbstractTabulatedFunctionTest" time="0.002"/>
  <testcase name="testApplyWithExtrapolationRight" classname="functions.AbstractTabulatedFunctionTest" time="0.0"/>
  <testcase name="testLeftBound" classname="functions.AbstractTabulatedFunctionTest" time="0.002"/>
  <testcase name="testIndexOfX_NotFound" classname="functions.AbstractTabulatedFunctionTest" time="0.0"/>
  <testcase name="testGetY_Index0" classname="functions.AbstractTabulatedFunctionTest" time="0.0"/>
  <testcase name="testGetY_Index1" classname="functions.AbstractTabulatedFunctionTest" time="0.0"/>
  <testcase name="testFloorIndexOfX_AtLeftBound" classname="functions.AbstractTabulatedFunctionTest" time="0.0"/>
  <testcase name="testCheckSorted_NotStrictlyIncreasing_ThrowsException" classname="functions.AbstractTabulatedFunctionTest" time="0.001"/>
  <testcase name="testSetY_ThrowsUnsupportedOperationException" classname="functions.AbstractTabulatedFunctionTest" time="0.002"/>
  <testcase name="testLinkedListTabulatedFunctionToString" classname="functions.AbstractTabulatedFunctionTest" time="0.0"/>
  <testcase name="testGetCount" classname="functions.AbstractTabulatedFunctionTest" time="0.0"/>
  <testcase name="testIndexOfX_CloseTo_x0" classname="functions.AbstractTabulatedFunctionTest" time="0.002"/>
  <testcase name="testIndexOfX_CloseTo_x1" classname="functions.AbstractTabulatedFunctionTest" time="0.0"/>
  <testcase name="testIndexOfY_CloseTo_y0" classname="functions.AbstractTabulatedFunctionTest" time="0.0"/>
  <testcase name="testIndexOfY_CloseTo_y1" classname="functions.AbstractTabulatedFunctionTest" time="0.001"/>
  <testcase name="testCheckSorted_StrictlyIncreasing_Success" classname="functions.AbstractTabulatedFunctionTest" time="0.0"/>
  <testcase name="testFloorIndexOfX_BetweenBounds" classname="functions.AbstractTabulatedFunctionTest" time="0.002"/>
  <testcase name="testApplyWithConstantFunction" classname="functions.AbstractTabulatedFunctionTest" time="0.001"/>
  <testcase name="testToStringWithLargeNumbers" classname="functions.AbstractTabulatedFunctionTest" time="0.016"/>
  <testcase name="testIndexOfX_ExactMatch_x0" classname="functions.AbstractTabulatedFunctionTest" time="0.0"/>
  <testcase name="testIndexOfX_ExactMatch_x1" classname="functions.AbstractTabulatedFunctionTest" time="0.0"/>
  <testcase name="testCheckLengthIsTheSame_SameLength_Success" classname="functions.AbstractTabulatedFunctionTest" time="0.0"/>
  <testcase name="testApplyWithExactMatch" classname="functions.AbstractTabulatedFunctionTest" time="0.001"/>
  <testcase name="testToStringWithDecimalValues" classname="functions.AbstractTabulatedFunctionTest" time="0.001"/>
  <testcase name="testInterpolate_OutsideInterval_ArrayImpl" classname="functions.AbstractTabulatedFunctionTest" time="0.004"/>
  <testcase name="testFloorIndexOfX_AboveRightBound" classname="functions.AbstractTabulatedFunctionTest" time="0.001"/>
  <testcase name="testIteratorReturnsNullDetails" classname="functions.AbstractTabulatedFunctionTest" time="0.004"/>
  <testcase name="testGetX_Index0" classname="functions.AbstractTabulatedFunctionTest" time="0.0"/>
  <testcase name="testGetX_Index1" classname="functions.AbstractTabulatedFunctionTest" time="0.0"/>
  <testcase name="testGetY_IndexOutOfBounds" classname="functions.AbstractTabulatedFunctionTest" time="0.001"/>
  <testcase name="testApplyWithInterpolation" classname="functions.AbstractTabulatedFunctionTest" time="0.0"/>
  <testcase name="testIndexOfY_ExactMatch_y0" classname="functions.AbstractTabulatedFunctionTest" time="0.0"/>
  <testcase name="testIndexOfY_ExactMatch_y1" classname="functions.AbstractTabulatedFunctionTest" time="0.001"/>
  <testcase name="testToStringWithNegativeValues" classname="functions.AbstractTabulatedFunctionTest" time="0.0"/>
  <testcase name="testFloorIndexOfX_BelowLeftBound" classname="functions.AbstractTabulatedFunctionTest" time="0.0"/>
  <testcase name="testArrayTabulatedFunctionToString" classname="functions.AbstractTabulatedFunctionTest" time="0.001"/>
  <testcase name="testFloorIndexOfX_AtRightBound" classname="functions.AbstractTabulatedFunctionTest" time="0.001"/>
  <testcase name="testToStringAfterModification" classname="functions.AbstractTabulatedFunctionTest" time="0.0"/>
  <testcase name="testInterpolate_OutsideInterval_LinkedListImpl" classname="functions.AbstractTabulatedFunctionTest" time="0.002"/>
  <testcase name="testInterpolateWithExplicitBounds" classname="functions.AbstractTabulatedFunctionTest" time="0.0"/>
  <testcase name="testApplyWithExtrapolationLeft" classname="functions.AbstractTabulatedFunctionTest" time="0.001"/>
  <testcase name="testGetX_IndexOutOfBounds" classname="functions.AbstractTabulatedFunctionTest" time="0.002"/>
  <testcase name="testConstructor_ThrowsOnInvalidRange" classname="functions.AbstractTabulatedFunctionTest" time="0.001"/>
</testsuite>