<?xml version="1.0" encoding="UTF-8"?>
<testsuite xmlns:xsi="http://www.w3.org/2001/XMLSchema-instance" xsi:noNamespaceSchemaLocation="https://maven.apache.org/surefire/maven-surefire-plugin/xsd/surefire-test-report-3.0.xsd" version="3.0" name="functions.CompositeFunctionTest" time="0.013" tests="10" errors="0" skipped="0" failures="0">
  <properties>
[...]
</properties>
  <testcase name="testLinkedListyWithArrayAndThen" classname="functions.CompositeFunctionTest" time="0.0"/>
  <testcase name="testDoubleSqrComposition" classname="functions.CompositeFunctionTest" time="0.002"/>
  <testcase name="testSqrAndIdentityComposition" classname="functions.CompositeFunctionTest" time="0.001"/>
  <testcase name="testComplexNestedComposition" classname="functions.CompositeFunctionTest" time="0.0"/>
  <testcase name="testTripleComposition" classname="functions.CompositeFunctionTest" time="0.0"/>
  <testcase name="testLinkedListyWithLinkedListAndThen" classname="functions.CompositeFunctionTest" time="0.0"/>
  <testcase name="testArrayWithLinkedListAndThen" classname="functions.CompositeFunctionTest" time="0.0"/>
  <testcase name="testDoubleIdentityComposition" classname="functions.CompositeFunctionTest" time="0.001"/>
  <testcase name="testWithCustomFunctions" classname="functions.CompositeFunctionTest" time="0.001"/>
  <testcase name="testArrayWithArrayAndThen" classname="functions.CompositeFunctionTest" time="0.001"/>
</testsuite>