<?xml version="1.0" encoding="UTF-8"?>
<testsuite xmlns:xsi="http://www.w3.org/2001/XMLSchema-instance" xsi:noNamespaceSchemaLocation="https://maven.apache.org/surefire/maven-surefire-plugin/xsd/surefire-test-report-3.0.xsd" version="3.0" name="repository.UserRepositoryTest" time="1.898" tests="15" errors="0" skipped="0" failures="0">
  <properties>
[...]
</properties>
  <testcase name="testFindByName_ShouldReturnUser_WhenUserExists" classname="repository.UserRepositoryTest" time="0.142">
    <system-out><![CDATA[Очистка тестовых данных...
Тестовые данные очищены
]]></system-out>
    <system-err><![CDATA[нояб. 17, 2025 10:30:46 PM repository.DatabaseConnection setTestConnection
INFO: Установлены тестовые параметры подключения: jdbc:postgresql://localhost:5432/test_functions_database для потока: main
нояб. 17, 2025 10:30:46 PM repository.DatabaseTestConnection setupTestConnection
INFO: DatabaseTestConnection инициализирован для: jdbc:postgresql://localhost:5432/test_functions_database
нояб. 17, 2025 10:30:46 PM repository.DatabaseConnection getConnection
INFO: Подключение для потока main: jdbc:postgresql://localhost:5432/test_functions_database, user: postgres
нояб. 17, 2025 10:30:46 PM repository.dao.UserRepository createUser
INFO: Пользователь успешно создан с ID: 1
нояб. 17, 2025 10:30:46 PM repository.DatabaseConnection getConnection
INFO: Подключение для потока main: jdbc:postgresql://localhost:5432/test_functions_database, user: postgres
нояб. 17, 2025 10:30:46 PM repository.dao.UserRepository findByName
SEVERE: Error finding user by name: findbyname_user
org.postgresql.util.PSQLException: Колонки role не найдено в этом ResultSet’’е.
	at org.postgresql.jdbc.PgResultSet.findColumn(PgResultSet.java:3208)
	at org.postgresql.jdbc.PgResultSet.getString(PgResultSet.java:3044)
	at repository.dao.UserRepository.findByName(UserRepository.java:121)
	at repository.UserRepositoryTest.testFindByName_ShouldReturnUser_WhenUserExists(UserRepositoryTest.java:62)
	at java.base/jdk.internal.reflect.DirectMethodHandleAccessor.invoke(DirectMethodHandleAccessor.java:104)
	at java.base/java.lang.reflect.Method.invoke(Method.java:565)
	at org.junit.platform.commons.util.ReflectionUtils.invokeMethod(ReflectionUtils.java:728)
	at org.junit.jupiter.engine.execution.MethodInvocation.proceed(MethodInvocation.java:60)
	at org.junit.jupiter.engine.execution.InvocationInterceptorChain$ValidatingInvocation.proceed(InvocationInterceptorChain.java:131)
	at org.junit.jupiter.engine.extension.TimeoutExtension.intercept(TimeoutExtension.java:156)
	at org.junit.jupiter.engine.extension.TimeoutExtension.interceptTestableMethod(TimeoutExtension.java:147)
	at org.junit.jupiter.engine.extension.TimeoutExtension.interceptTestMethod(TimeoutExtension.java:86)
	at org.junit.jupiter.engine.execution.InterceptingExecutableInvoker$ReflectiveInterceptorCall.lambda$ofVoidMethod$0(InterceptingExecutableInvoker.java:103)
	at org.junit.jupiter.engine.execution.InterceptingExecutableInvoker.lambda$invoke$0(InterceptingExecutableInvoker.java:93)
	at org.junit.jupiter.engine.execution.InvocationInterceptorChain$InterceptedInvocation.proceed(InvocationInterceptorChain.java:106)
	at org.junit.jupiter.engine.execution.InvocationInterceptorChain.proceed(InvocationInterceptorChain.java:64)
	at org.junit.jupiter.engine.execution.InvocationInterceptorChain.chainAndInvoke(InvocationInterceptorChain.java:45)
	at org.junit.jupiter.engine.execution.InvocationInterceptorChain.invoke(InvocationInterceptorChain.java:37)
	at org.junit.jupiter.engine.execution.InterceptingExecutableInvoker.invoke(InterceptingExecutableInvoker.java:92)
	at org.junit.jupiter.engine.execution.InterceptingExecutableInvoker.invoke(InterceptingExecutableInvoker.java:86)
	at org.junit.jupiter.engine.descriptor.TestMethodTestDescriptor.lambda$invokeTestMethod$7(TestMethodTestDescriptor.java:218)
	at org.junit.platform.engine.support.hierarchical.ThrowableCollector.execute(ThrowableCollector.java:73)
	at org.junit.jupiter.engine.descriptor.TestMethodTestDescriptor.invokeTestMethod(TestMethodTestDescriptor.java:214)
	at org.junit.jupiter.engine.descriptor.TestMethodTestDescriptor.execute(TestMethodTestDescriptor.java:139)
	at org.junit.jupiter.engine.descriptor.TestMethodTestDescriptor.execute(TestMethodTestDescriptor.java:69)
	at org.junit.platform.engine.support.hierarchical.NodeTestTask.lambda$executeRecursively$6(NodeTestTask.java:151)
	at org.junit.platform.engine.support.hierarchical.ThrowableCollector.execute(ThrowableCollector.java:73)
	at org.junit.platform.engine.support.hierarchical.NodeTestTask.lambda$executeRecursively$8(NodeTestTask.java:141)
	at org.junit.platform.engine.support.hierarchical.Node.around(Node.java:137)
	at org.junit.platform.engine.support.hierarchical.NodeTestTask.lambda$executeRecursively$9(NodeTestTask.java:139)
	at org.junit.platform.engine.support.hierarchical.ThrowableCollector.execute(ThrowableCollector.java:73)
	at org.junit.platform.engine.support.hierarchical.NodeTestTask.executeRecursively(NodeTestTask.java:138)
	at org.junit.platform.engine.support.hierarchical.NodeTestTask.execute(NodeTestTask.java:95)
	at java.base/java.util.ArrayList.forEach(ArrayList.java:1604)
	at org.junit.platform.engine.support.hierarchical.SameThreadHierarchicalTestExecutorService.invokeAll(SameThreadHierarchicalTestExecutorService.java:41)
	at org.junit.platform.engine.support.hierarchical.NodeTestTask.lambda$executeRecursively$6(NodeTestTask.java:155)
	at org.junit.platform.engine.support.hierarchical.ThrowableCollector.execute(ThrowableCollector.java:73)
	at org.junit.platform.engine.support.hierarchical.NodeTestTask.lambda$executeRecursively$8(NodeTestTask.java:141)
	at org.junit.platform.engine.support.hierarchical.Node.around(Node.java:137)
	at org.junit.platform.engine.support.hierarchical.NodeTestTask.lambda$executeRecursively$9(NodeTestTask.java:139)
	at org.junit.platform.engine.support.hierarchical.ThrowableCollector.execute(ThrowableCollector.java:73)
	at org.junit.platform.engine.support.hierarchical.NodeTestTask.executeRecursively(NodeTestTask.java:138)
	at org.junit.platform.engine.support.hierarchical.NodeTestTask.execute(NodeTestTask.java:95)
	at java.base/java.util.ArrayList.forEach(ArrayList.java:1604)
	at org.junit.platform.engine.support.hierarchical.SameThreadHierarchicalTestExecutorService.invokeAll(SameThreadHierarchicalTestExecutorService.java:41)
	at org.junit.platform.engine.support.hierarchical.NodeTestTask.lambda$executeRecursively$6(NodeTestTask.java:155)
	at org.junit.platform.engine.support.hierarchical.ThrowableCollector.execute(ThrowableCollector.java:73)
	at org.junit.platform.engine.support.hierarchical.NodeTestTask.lambda$executeRecursively$8(NodeTestTask.java:141)
	at org.junit.platform.engine.support.hierarchical.Node.around(Node.java:137)
	at org.junit.platform.engine.support.hierarchical.NodeTestTask.lambda$executeRecursively$9(NodeTestTask.java:139)
	at org.junit.platform.engine.support.hierarchical.ThrowableCollector.execute(ThrowableCollector.java:73)
	at org.junit.platform.engine.support.hierarchical.NodeTestTask.executeRecursively(NodeTestTask.java:138)
	at org.junit.platform.engine.support.hierarchical.NodeTestTask.execute(NodeTestTask.java:95)
	at org.junit.platform.engine.support.hierarchical.SameThreadHierarchicalTestExecutorService.submit(SameThreadHierarchicalTestExecutorService.java:35)
	at org.junit.platform.engine.support.hierarchical.HierarchicalTestExecutor.execute(HierarchicalTestExecutor.java:57)
	at org.junit.platform.engine.support.hierarchical.HierarchicalTestEngine.execute(HierarchicalTestEngine.java:54)
	at org.junit.platform.launcher.core.EngineExecutionOrchestrator.execute(EngineExecutionOrchestrator.java:198)
	at org.junit.platform.launcher.core.EngineExecutionOrchestrator.execute(EngineExecutionOrchestrator.java:169)
	at org.junit.platform.launcher.core.EngineExecutionOrchestrator.execute(EngineExecutionOrchestrator.java:93)
	at org.junit.platform.launcher.core.EngineExecutionOrchestrator.lambda$execute$0(EngineExecutionOrchestrator.java:58)
	at org.junit.platform.launcher.core.EngineExecutionOrchestrator.withInterceptedStreams(EngineExecutionOrchestrator.java:141)
	at org.junit.platform.launcher.core.EngineExecutionOrchestrator.execute(EngineExecutionOrchestrator.java:57)
	at org.junit.platform.launcher.core.DefaultLauncher.execute(DefaultLauncher.java:103)
	at org.junit.platform.launcher.core.DefaultLauncher.execute(DefaultLauncher.java:85)
	at org.junit.platform.launcher.core.DelegatingLauncher.execute(DelegatingLauncher.java:47)
	at org.apache.maven.surefire.junitplatform.LazyLauncher.execute(LazyLauncher.java:56)
	at org.apache.maven.surefire.junitplatform.JUnitPlatformProvider.execute(JUnitPlatformProvider.java:184)
	at org.apache.maven.surefire.junitplatform.JUnitPlatformProvider.invokeAllTests(JUnitPlatformProvider.java:148)
	at org.apache.maven.surefire.junitplatform.JUnitPlatformProvider.invoke(JUnitPlatformProvider.java:122)
	at org.apache.maven.surefire.booter.ForkedBooter.runSuitesInProcess(ForkedBooter.java:385)
	at org.apache.maven.surefire.booter.ForkedBooter.execute(ForkedBooter.java:162)
	at org.apache.maven.surefire.booter.ForkedBooter.run(ForkedBooter.java:507)
	at org.apache.maven.surefire.booter.ForkedBooter.main(ForkedBooter.java:495)

нояб. 17, 2025 10:30:46 PM repository.DatabaseConnection getConnection
INFO: Подключение для потока main: jdbc:postgresql://localhost:5432/test_functions_database, user: postgres
]]></system-err>
  </testcase>
  <testcase name="testCreateUser_ShouldThrowException_WhenDuplicateUserName" classname="repository.UserRepositoryTest" time="0.118">
    <system-out><![CDATA[Очистка тестовых данных...
Тестовые данные очищены
]]></system-out>
    <system-err><![CDATA[нояб. 17, 2025 10:30:46 PM repository.DatabaseConnection setTestConnection
INFO: Установлены тестовые параметры подключения: jdbc:postgresql://localhost:5432/test_functions_database для потока: main
нояб. 17, 2025 10:30:46 PM repository.DatabaseTestConnection setupTestConnection
INFO: DatabaseTestConnection инициализирован для: jdbc:postgresql://localhost:5432/test_functions_database
нояб. 17, 2025 10:30:46 PM repository.DatabaseConnection getConnection
INFO: Подключение для потока main: jdbc:postgresql://localhost:5432/test_functions_database, user: postgres
нояб. 17, 2025 10:30:46 PM repository.dao.UserRepository createUser
INFO: Пользователь успешно создан с ID: 1
нояб. 17, 2025 10:30:46 PM repository.DatabaseConnection getConnection
INFO: Подключение для потока main: jdbc:postgresql://localhost:5432/test_functions_database, user: postgres
нояб. 17, 2025 10:30:46 PM repository.dao.UserRepository createUser
SEVERE: Ошибка при создании пользователя: ОШИБКА: повторяющееся значение ключа нарушает ограничение уникальности "users_name_key"
  Подробности: Ключ "(name)=(duplicate_user)" уже существует.
нояб. 17, 2025 10:30:46 PM repository.DatabaseConnection getConnection
INFO: Подключение для потока main: jdbc:postgresql://localhost:5432/test_functions_database, user: postgres
]]></system-err>
  </testcase>
  <testcase name="testCreateUser_ShouldCreateNewUser" classname="repository.UserRepositoryTest" time="0.213">
    <system-out><![CDATA[Очистка тестовых данных...
Тестовые данные очищены
]]></system-out>
    <system-err><![CDATA[нояб. 17, 2025 10:30:46 PM repository.DatabaseConnection setTestConnection
INFO: Установлены тестовые параметры подключения: jdbc:postgresql://localhost:5432/test_functions_database для потока: main
нояб. 17, 2025 10:30:46 PM repository.DatabaseTestConnection setupTestConnection
INFO: DatabaseTestConnection инициализирован для: jdbc:postgresql://localhost:5432/test_functions_database
нояб. 17, 2025 10:30:46 PM repository.DatabaseConnection getConnection
INFO: Подключение для потока main: jdbc:postgresql://localhost:5432/test_functions_database, user: postgres
нояб. 17, 2025 10:30:46 PM repository.dao.UserRepository createUser
INFO: Пользователь успешно создан с ID: 1
нояб. 17, 2025 10:30:46 PM repository.DatabaseConnection getConnection
INFO: Подключение для потока main: jdbc:postgresql://localhost:5432/test_functions_database, user: postgres
нояб. 17, 2025 10:30:46 PM repository.dao.UserRepository findById
INFO: Найден пользователь по ID: 1
нояб. 17, 2025 10:30:46 PM repository.DatabaseConnection getConnection
INFO: Подключение для потока main: jdbc:postgresql://localhost:5432/test_functions_database, user: postgres
]]></system-err>
  </testcase>
  <testcase name="testFindById_ShouldReturnUser_WhenUserExists" classname="repository.UserRepositoryTest" time="0.104">
    <system-out><![CDATA[Очистка тестовых данных...
Тестовые данные очищены
]]></system-out>
    <system-err><![CDATA[нояб. 17, 2025 10:30:46 PM repository.DatabaseConnection setTestConnection
INFO: Установлены тестовые параметры подключения: jdbc:postgresql://localhost:5432/test_functions_database для потока: main
нояб. 17, 2025 10:30:46 PM repository.DatabaseTestConnection setupTestConnection
INFO: DatabaseTestConnection инициализирован для: jdbc:postgresql://localhost:5432/test_functions_database
нояб. 17, 2025 10:30:46 PM repository.DatabaseConnection getConnection
INFO: Подключение для потока main: jdbc:postgresql://localhost:5432/test_functions_database, user: postgres
нояб. 17, 2025 10:30:47 PM repository.dao.UserRepository createUser
INFO: Пользователь успешно создан с ID: 1
нояб. 17, 2025 10:30:47 PM repository.DatabaseConnection getConnection
INFO: Подключение для потока main: jdbc:postgresql://localhost:5432/test_functions_database, user: postgres
нояб. 17, 2025 10:30:47 PM repository.dao.UserRepository findById
INFO: Найден пользователь по ID: 1
нояб. 17, 2025 10:30:47 PM repository.DatabaseConnection getConnection
INFO: Подключение для потока main: jdbc:postgresql://localhost:5432/test_functions_database, user: postgres
]]></system-err>
  </testcase>
  <testcase name="testAuthenticateUser_ShouldReturnTrue_WhenCredentialsCorrect" classname="repository.UserRepositoryTest" time="0.216">
    <system-out><![CDATA[Очистка тестовых данных...
Тестовые данные очищены
]]></system-out>
    <system-err><![CDATA[нояб. 17, 2025 10:30:47 PM repository.DatabaseConnection setTestConnection
INFO: Установлены тестовые параметры подключения: jdbc:postgresql://localhost:5432/test_functions_database для потока: main
нояб. 17, 2025 10:30:47 PM repository.DatabaseTestConnection setupTestConnection
INFO: DatabaseTestConnection инициализирован для: jdbc:postgresql://localhost:5432/test_functions_database
нояб. 17, 2025 10:30:47 PM repository.DatabaseConnection getConnection
INFO: Подключение для потока main: jdbc:postgresql://localhost:5432/test_functions_database, user: postgres
нояб. 17, 2025 10:30:47 PM repository.dao.UserRepository createUser
INFO: Пользователь успешно создан с ID: 1
нояб. 17, 2025 10:30:47 PM repository.DatabaseConnection getConnection
INFO: Подключение для потока main: jdbc:postgresql://localhost:5432/test_functions_database, user: postgres
нояб. 17, 2025 10:30:47 PM repository.dao.UserRepository authenticateUser
INFO: Аутентификация пользователя успешна для: authuser
нояб. 17, 2025 10:30:47 PM repository.DatabaseConnection getConnection
INFO: Подключение для потока main: jdbc:postgresql://localhost:5432/test_functions_database, user: postgres
]]></system-err>
  </testcase>
  <testcase name="testUserNameExists_ShouldReturnFalse_WhenUserNameNotExists" classname="repository.UserRepositoryTest" time="0.076">
    <system-out><![CDATA[Очистка тестовых данных...
Тестовые данные очищены
]]></system-out>
    <system-err><![CDATA[нояб. 17, 2025 10:30:47 PM repository.DatabaseConnection setTestConnection
INFO: Установлены тестовые параметры подключения: jdbc:postgresql://localhost:5432/test_functions_database для потока: main
нояб. 17, 2025 10:30:47 PM repository.DatabaseTestConnection setupTestConnection
INFO: DatabaseTestConnection инициализирован для: jdbc:postgresql://localhost:5432/test_functions_database
нояб. 17, 2025 10:30:47 PM repository.DatabaseConnection getConnection
INFO: Подключение для потока main: jdbc:postgresql://localhost:5432/test_functions_database, user: postgres
нояб. 17, 2025 10:30:47 PM repository.dao.UserRepository userNameExists
INFO: Проверка существования имени 'nonexistinguser': false
нояб. 17, 2025 10:30:47 PM repository.DatabaseConnection getConnection
INFO: Подключение для потока main: jdbc:postgresql://localhost:5432/test_functions_database, user: postgres
]]></system-err>
  </testcase>
  <testcase name="testFindByName_ShouldReturnEmpty_WhenUserNotExists" classname="repository.UserRepositoryTest" time="0.077">
    <system-out><![CDATA[Очистка тестовых данных...
Тестовые данные очищены
]]></system-out>
    <system-err><![CDATA[нояб. 17, 2025 10:30:47 PM repository.DatabaseConnection setTestConnection
INFO: Установлены тестовые параметры подключения: jdbc:postgresql://localhost:5432/test_functions_database для потока: main
нояб. 17, 2025 10:30:47 PM repository.DatabaseTestConnection setupTestConnection
INFO: DatabaseTestConnection инициализирован для: jdbc:postgresql://localhost:5432/test_functions_database
нояб. 17, 2025 10:30:47 PM repository.DatabaseConnection getConnection
INFO: Подключение для потока main: jdbc:postgresql://localhost:5432/test_functions_database, user: postgres
нояб. 17, 2025 10:30:47 PM repository.DatabaseConnection getConnection
INFO: Подключение для потока main: jdbc:postgresql://localhost:5432/test_functions_database, user: postgres
]]></system-err>
  </testcase>
  <testcase name="testDeleteUser_ShouldDeleteUser" classname="repository.UserRepositoryTest" time="0.178">
    <system-out><![CDATA[Очистка тестовых данных...
Тестовые данные очищены
]]></system-out>
    <system-err><![CDATA[нояб. 17, 2025 10:30:47 PM repository.DatabaseConnection setTestConnection
INFO: Установлены тестовые параметры подключения: jdbc:postgresql://localhost:5432/test_functions_database для потока: main
нояб. 17, 2025 10:30:47 PM repository.DatabaseTestConnection setupTestConnection
INFO: DatabaseTestConnection инициализирован для: jdbc:postgresql://localhost:5432/test_functions_database
нояб. 17, 2025 10:30:47 PM repository.DatabaseConnection getConnection
INFO: Подключение для потока main: jdbc:postgresql://localhost:5432/test_functions_database, user: postgres
нояб. 17, 2025 10:30:47 PM repository.dao.UserRepository createUser
INFO: Пользователь успешно создан с ID: 1
нояб. 17, 2025 10:30:47 PM repository.DatabaseConnection getConnection
INFO: Подключение для потока main: jdbc:postgresql://localhost:5432/test_functions_database, user: postgres
нояб. 17, 2025 10:30:47 PM repository.dao.UserRepository findById
INFO: Найден пользователь по ID: 1
нояб. 17, 2025 10:30:47 PM repository.DatabaseConnection getConnection
INFO: Подключение для потока main: jdbc:postgresql://localhost:5432/test_functions_database, user: postgres
нояб. 17, 2025 10:30:47 PM repository.dao.UserRepository deleteUser
INFO: Пользователь успешно удален: 1
нояб. 17, 2025 10:30:47 PM repository.DatabaseConnection getConnection
INFO: Подключение для потока main: jdbc:postgresql://localhost:5432/test_functions_database, user: postgres
нояб. 17, 2025 10:30:47 PM repository.dao.UserRepository findById
INFO: Пользователь не найден с ID: 1
нояб. 17, 2025 10:30:47 PM repository.DatabaseConnection getConnection
INFO: Подключение для потока main: jdbc:postgresql://localhost:5432/test_functions_database, user: postgres
]]></system-err>
  </testcase>
  <testcase name="testFindById_ShouldReturnEmpty_WhenUserNotExists" classname="repository.UserRepositoryTest" time="0.081">
    <system-out><![CDATA[Очистка тестовых данных...
Тестовые данные очищены
]]></system-out>
    <system-err><![CDATA[нояб. 17, 2025 10:30:47 PM repository.DatabaseConnection setTestConnection
INFO: Установлены тестовые параметры подключения: jdbc:postgresql://localhost:5432/test_functions_database для потока: main
нояб. 17, 2025 10:30:47 PM repository.DatabaseTestConnection setupTestConnection
INFO: DatabaseTestConnection инициализирован для: jdbc:postgresql://localhost:5432/test_functions_database
нояб. 17, 2025 10:30:47 PM repository.DatabaseConnection getConnection
INFO: Подключение для потока main: jdbc:postgresql://localhost:5432/test_functions_database, user: postgres
нояб. 17, 2025 10:30:47 PM repository.dao.UserRepository findById
INFO: Пользователь не найден с ID: 999999
нояб. 17, 2025 10:30:47 PM repository.DatabaseConnection getConnection
INFO: Подключение для потока main: jdbc:postgresql://localhost:5432/test_functions_database, user: postgres
]]></system-err>
  </testcase>
  <testcase name="testAuthenticateUser_ShouldReturnFalse_WhenUserNotExists" classname="repository.UserRepositoryTest" time="0.082">
    <system-out><![CDATA[Очистка тестовых данных...
Тестовые данные очищены
]]></system-out>
    <system-err><![CDATA[нояб. 17, 2025 10:30:47 PM repository.DatabaseConnection setTestConnection
INFO: Установлены тестовые параметры подключения: jdbc:postgresql://localhost:5432/test_functions_database для потока: main
нояб. 17, 2025 10:30:47 PM repository.DatabaseTestConnection setupTestConnection
INFO: DatabaseTestConnection инициализирован для: jdbc:postgresql://localhost:5432/test_functions_database
нояб. 17, 2025 10:30:47 PM repository.DatabaseConnection getConnection
INFO: Подключение для потока main: jdbc:postgresql://localhost:5432/test_functions_database, user: postgres
нояб. 17, 2025 10:30:47 PM repository.dao.UserRepository authenticateUser
INFO: Аутентификация пользователя неудачна для: nonexistent
нояб. 17, 2025 10:30:47 PM repository.DatabaseConnection getConnection
INFO: Подключение для потока main: jdbc:postgresql://localhost:5432/test_functions_database, user: postgres
]]></system-err>
  </testcase>
  <testcase name="testUpdateUser_ShouldUpdateUserData" classname="repository.UserRepositoryTest" time="0.149">
    <system-out><![CDATA[Очистка тестовых данных...
Тестовые данные очищены
]]></system-out>
    <system-err><![CDATA[нояб. 17, 2025 10:30:47 PM repository.DatabaseConnection setTestConnection
INFO: Установлены тестовые параметры подключения: jdbc:postgresql://localhost:5432/test_functions_database для потока: main
нояб. 17, 2025 10:30:47 PM repository.DatabaseTestConnection setupTestConnection
INFO: DatabaseTestConnection инициализирован для: jdbc:postgresql://localhost:5432/test_functions_database
нояб. 17, 2025 10:30:47 PM repository.DatabaseConnection getConnection
INFO: Подключение для потока main: jdbc:postgresql://localhost:5432/test_functions_database, user: postgres
нояб. 17, 2025 10:30:47 PM repository.dao.UserRepository createUser
INFO: Пользователь успешно создан с ID: 1
нояб. 17, 2025 10:30:47 PM repository.DatabaseConnection getConnection
INFO: Подключение для потока main: jdbc:postgresql://localhost:5432/test_functions_database, user: postgres
нояб. 17, 2025 10:30:47 PM repository.dao.UserRepository updateUser
INFO: Пользователь успешно обновлен: 1
нояб. 17, 2025 10:30:47 PM repository.DatabaseConnection getConnection
INFO: Подключение для потока main: jdbc:postgresql://localhost:5432/test_functions_database, user: postgres
нояб. 17, 2025 10:30:47 PM repository.dao.UserRepository findById
INFO: Найден пользователь по ID: 1
нояб. 17, 2025 10:30:47 PM repository.DatabaseConnection getConnection
INFO: Подключение для потока main: jdbc:postgresql://localhost:5432/test_functions_database, user: postgres
]]></system-err>
  </testcase>
  <testcase name="testDeleteUser_ShouldReturnFalse_WhenUserNotExists" classname="repository.UserRepositoryTest" time="0.08">
    <system-out><![CDATA[Очистка тестовых данных...
Тестовые данные очищены
]]></system-out>
    <system-err><![CDATA[нояб. 17, 2025 10:30:47 PM repository.DatabaseConnection setTestConnection
INFO: Установлены тестовые параметры подключения: jdbc:postgresql://localhost:5432/test_functions_database для потока: main
нояб. 17, 2025 10:30:47 PM repository.DatabaseTestConnection setupTestConnection
INFO: DatabaseTestConnection инициализирован для: jdbc:postgresql://localhost:5432/test_functions_database
нояб. 17, 2025 10:30:47 PM repository.DatabaseConnection getConnection
INFO: Подключение для потока main: jdbc:postgresql://localhost:5432/test_functions_database, user: postgres
нояб. 17, 2025 10:30:47 PM repository.dao.UserRepository deleteUser
WARNING: Пользователь для удаления не найден с ID: 999999
нояб. 17, 2025 10:30:47 PM repository.DatabaseConnection getConnection
INFO: Подключение для потока main: jdbc:postgresql://localhost:5432/test_functions_database, user: postgres
]]></system-err>
  </testcase>
  <testcase name="testAuthenticateUser_ShouldReturnFalse_WhenWrongPassword" classname="repository.UserRepositoryTest" time="0.103">
    <system-out><![CDATA[Очистка тестовых данных...
Тестовые данные очищены
]]></system-out>
    <system-err><![CDATA[нояб. 17, 2025 10:30:48 PM repository.DatabaseConnection setTestConnection
INFO: Установлены тестовые параметры подключения: jdbc:postgresql://localhost:5432/test_functions_database для потока: main
нояб. 17, 2025 10:30:48 PM repository.DatabaseTestConnection setupTestConnection
INFO: DatabaseTestConnection инициализирован для: jdbc:postgresql://localhost:5432/test_functions_database
нояб. 17, 2025 10:30:48 PM repository.DatabaseConnection getConnection
INFO: Подключение для потока main: jdbc:postgresql://localhost:5432/test_functions_database, user: postgres
нояб. 17, 2025 10:30:48 PM repository.dao.UserRepository createUser
INFO: Пользователь успешно создан с ID: 1
нояб. 17, 2025 10:30:48 PM repository.DatabaseConnection getConnection
INFO: Подключение для потока main: jdbc:postgresql://localhost:5432/test_functions_database, user: postgres
нояб. 17, 2025 10:30:48 PM repository.dao.UserRepository authenticateUser
INFO: Аутентификация пользователя неудачна для: authuser
нояб. 17, 2025 10:30:48 PM repository.DatabaseConnection getConnection
INFO: Подключение для потока main: jdbc:postgresql://localhost:5432/test_functions_database, user: postgres
]]></system-err>
  </testcase>
  <testcase name="testUserNameExists_ShouldReturnTrue_WhenUserNameExists" classname="repository.UserRepositoryTest" time="0.114">
    <system-out><![CDATA[Очистка тестовых данных...
Тестовые данные очищены
]]></system-out>
    <system-err><![CDATA[нояб. 17, 2025 10:30:48 PM repository.DatabaseConnection setTestConnection
INFO: Установлены тестовые параметры подключения: jdbc:postgresql://localhost:5432/test_functions_database для потока: main
нояб. 17, 2025 10:30:48 PM repository.DatabaseTestConnection setupTestConnection
INFO: DatabaseTestConnection инициализирован для: jdbc:postgresql://localhost:5432/test_functions_database
нояб. 17, 2025 10:30:48 PM repository.DatabaseConnection getConnection
INFO: Подключение для потока main: jdbc:postgresql://localhost:5432/test_functions_database, user: postgres
нояб. 17, 2025 10:30:48 PM repository.dao.UserRepository createUser
INFO: Пользователь успешно создан с ID: 1
нояб. 17, 2025 10:30:48 PM repository.DatabaseConnection getConnection
INFO: Подключение для потока main: jdbc:postgresql://localhost:5432/test_functions_database, user: postgres
нояб. 17, 2025 10:30:48 PM repository.dao.UserRepository userNameExists
INFO: Проверка существования имени 'existinguser': true
нояб. 17, 2025 10:30:48 PM repository.DatabaseConnection getConnection
INFO: Подключение для потока main: jdbc:postgresql://localhost:5432/test_functions_database, user: postgres
]]></system-err>
  </testcase>
  <testcase name="testUpdateUser_ShouldReturnFalse_WhenUserNotExists" classname="repository.UserRepositoryTest" time="0.08">
    <system-out><![CDATA[Очистка тестовых данных...
Тестовые данные очищены
]]></system-out>
    <system-err><![CDATA[нояб. 17, 2025 10:30:48 PM repository.DatabaseConnection setTestConnection
INFO: Установлены тестовые параметры подключения: jdbc:postgresql://localhost:5432/test_functions_database для потока: main
нояб. 17, 2025 10:30:48 PM repository.DatabaseTestConnection setupTestConnection
INFO: DatabaseTestConnection инициализирован для: jdbc:postgresql://localhost:5432/test_functions_database
нояб. 17, 2025 10:30:48 PM repository.DatabaseConnection getConnection
INFO: Подключение для потока main: jdbc:postgresql://localhost:5432/test_functions_database, user: postgres
нояб. 17, 2025 10:30:48 PM repository.dao.UserRepository updateUser
WARNING: Пользователь для обновления не найден с ID: 999999
нояб. 17, 2025 10:30:48 PM repository.DatabaseConnection getConnection
INFO: Подключение для потока main: jdbc:postgresql://localhost:5432/test_functions_database, user: postgres
]]></system-err>
  </testcase>
</testsuite>