<?xml version="1.0" encoding="UTF-8"?>
<testsuite xmlns:xsi="http://www.w3.org/2001/XMLSchema-instance" xsi:noNamespaceSchemaLocation="https://maven.apache.org/surefire/maven-surefire-plugin/xsd/surefire-test-report-3.0.xsd" version="3.0" name="functions.LinkedListTabulatedFunctionTest" time="0.049" tests="86" errors="0" skipped="0" failures="0">
  <properties>
[...]
</properties>
  <testcase name="testIndexOfY_NotFound" classname="functions.LinkedListTabulatedFunctionTest" time="0.001"/>
  <testcase name="testRemoveAllElementsOneByOne" classname="functions.LinkedListTabulatedFunctionTest" time="0.0"/>
  <testcase name="iteratorNextReturnsCorrectPoints" classname="functions.LinkedListTabulatedFunctionTest" time="0.0"/>
  <testcase name="VoidTest" classname="functions.LinkedListTabulatedFunctionTest" time="0.0"/>
  <testcase name="testIndexOfX_EmptyList_ThrowsException" classname="functions.LinkedListTabulatedFunctionTest" time="0.001"/>
  <testcase name="testConstructor_ArraysDifferentLength" classname="functions.LinkedListTabulatedFunctionTest" time="0.0"/>
  <testcase name="testRightBound_EmptyList" classname="functions.LinkedListTabulatedFunctionTest" time="0.001"/>
  <testcase name="testFloorIndexOfX_EmptyList" classname="functions.LinkedListTabulatedFunctionTest" time="0.001"/>
  <testcase name="testIteratorSupportsForEachLoop" classname="functions.LinkedListTabulatedFunctionTest" time="0.0"/>
  <testcase name="removeAtIndexWorks" classname="functions.LinkedListTabulatedFunctionTest" time="0.001"/>
  <testcase name="extrapolateLeftThrowsExceptionWhenLessThanTwoPoints" classname="functions.LinkedListTabulatedFunctionTest" time="0.0"/>
  <testcase name="testLeftBound_EmptyList" classname="functions.LinkedListTabulatedFunctionTest" time="0.0"/>
  <testcase name="testRemove_HeadIsUpdatedAfterRemoval" classname="functions.LinkedListTabulatedFunctionTest" time="0.0"/>
  <testcase name="testInsert_InsertDuplicateWithEpsilon" classname="functions.LinkedListTabulatedFunctionTest" time="0.001"/>
  <testcase name="testInsert_InsertAtEnd_CircularUpdate" classname="functions.LinkedListTabulatedFunctionTest" time="0.0"/>
  <testcase name="extrapolateRightWorksWhenTwoOrMorePoints" classname="functions.LinkedListTabulatedFunctionTest" time="0.001"/>
  <testcase name="testRemoveSingleElement" classname="functions.LinkedListTabulatedFunctionTest" time="0.0"/>
  <testcase name="indexOfYOnEmptyReturnsMinusOne" classname="functions.LinkedListTabulatedFunctionTest" time="0.001"/>
  <testcase name="testSetY" classname="functions.LinkedListTabulatedFunctionTest" time="0.0"/>
  <testcase name="testLinkedListWithArrayExponentialWithLogarithmicComposition" classname="functions.LinkedListTabulatedFunctionTest" time="0.0"/>
  <testcase name="interpolateThrowsExceptionWhenXOutsideInterval" classname="functions.LinkedListTabulatedFunctionTest" time="0.001"/>
  <testcase name="testRemoveAndCheckApply" classname="functions.LinkedListTabulatedFunctionTest" time="0.0"/>
  <testcase name="testLinkedListWithLinkedListCompositeWithExtrapolation" classname="functions.LinkedListTabulatedFunctionTest" time="0.0"/>
  <testcase name="testRemoveFirstElement" classname="functions.LinkedListTabulatedFunctionTest" time="0.001"/>
  <testcase name="testInsertAtEnd" classname="functions.LinkedListTabulatedFunctionTest" time="0.0"/>
  <testcase name="testLinkedListWithArray" classname="functions.LinkedListTabulatedFunctionTest" time="0.0"/>
  <testcase name="testInsert_InsertAfterHeadInCircular" classname="functions.LinkedListTabulatedFunctionTest" time="0.0"/>
  <testcase name="testExtrapolateLeft_CountOne" classname="functions.LinkedListTabulatedFunctionTest" time="0.0"/>
  <testcase name="testApply_Interpolate_BoundaryCase" classname="functions.LinkedListTabulatedFunctionTest" time="0.0"/>
  <testcase name="testInsertInMiddle" classname="functions.LinkedListTabulatedFunctionTest" time="0.0"/>
  <testcase name="testGetNode" classname="functions.LinkedListTabulatedFunctionTest" time="0.001"/>
  <testcase name="getNodeThrowsExceptionOnNegativeIndex" classname="functions.LinkedListTabulatedFunctionTest" time="0.001"/>
  <testcase name="testRemoveAfterInsert" classname="functions.LinkedListTabulatedFunctionTest" time="0.0"/>
  <testcase name="testRemoveOutOfBounds" classname="functions.LinkedListTabulatedFunctionTest" time="0.001"/>
  <testcase name="testInterpolate_CountOne" classname="functions.LinkedListTabulatedFunctionTest" time="0.0"/>
  <testcase name="testIndexOfXOrYIfHeadEqualsNull" classname="functions.LinkedListTabulatedFunctionTest" time="0.0"/>
  <testcase name="testRemoveLastElement" classname="functions.LinkedListTabulatedFunctionTest" time="0.0"/>
  <testcase name="testConstructorWithArrays" classname="functions.LinkedListTabulatedFunctionTest" time="0.0"/>
  <testcase name="testFloorNodeOfX_XLessThanFirst" classname="functions.LinkedListTabulatedFunctionTest" time="0.001"/>
  <testcase name="testInsert_InsertDuplicateWithinEpsilon" classname="functions.LinkedListTabulatedFunctionTest" time="0.0"/>
  <testcase name="getNodeThrowsExceptionOnIndexTooLarge" classname="functions.LinkedListTabulatedFunctionTest" time="0.001"/>
  <testcase name="testInsertMultipleTimes" classname="functions.LinkedListTabulatedFunctionTest" time="0.0"/>
  <testcase name="getYReturnsCorrectValue" classname="functions.LinkedListTabulatedFunctionTest" time="0.0"/>
  <testcase name="setYUpdatesValue" classname="functions.LinkedListTabulatedFunctionTest" time="0.0"/>
  <testcase name="constructorMathFunctionTooFewPoints" classname="functions.LinkedListTabulatedFunctionTest" time="0.0"/>
  <testcase name="indexOfYReturnsCorrectIndex" classname="functions.LinkedListTabulatedFunctionTest" time="0.0"/>
  <testcase name="testConstructor_XNotStrictlyIncreasing" classname="functions.LinkedListTabulatedFunctionTest" time="0.0"/>
  <testcase name="testConstructorWithFunction" classname="functions.LinkedListTabulatedFunctionTest" time="0.0"/>
  <testcase name="indexOfXReturnsMinusOneForNonExistingX" classname="functions.LinkedListTabulatedFunctionTest" time="0.0"/>
  <testcase name="extrapolateLeftWorksWhenTwoOrMorePoints" classname="functions.LinkedListTabulatedFunctionTest" time="0.0"/>
  <testcase name="testIndexOfY_EpsilonMatch" classname="functions.LinkedListTabulatedFunctionTest" time="0.0"/>
  <testcase name="testFloorNodeOfX_XGreaterThanOrEqualToLast" classname="functions.LinkedListTabulatedFunctionTest" time="0.002"/>
  <testcase name="testApply_WithSingleNodeAndEpsilon" classname="functions.LinkedListTabulatedFunctionTest" time="0.0"/>
  <testcase name="testInsertEmptyList" classname="functions.LinkedListTabulatedFunctionTest" time="0.0"/>
  <testcase name="constructorArraysTooShort" classname="functions.LinkedListTabulatedFunctionTest" time="0.0"/>
  <testcase name="testIndexOfX" classname="functions.LinkedListTabulatedFunctionTest" time="0.0"/>
  <testcase name="indexOfXReturnsCorrectIndex" classname="functions.LinkedListTabulatedFunctionTest" time="0.001"/>
  <testcase name="testCircularListStructure" classname="functions.LinkedListTabulatedFunctionTest" time="0.001"/>
  <testcase name="rightBoundReturnsLastX" classname="functions.LinkedListTabulatedFunctionTest" time="0.001"/>
  <testcase name="testFloorNodeOfX_ExactMatchOnHead" classname="functions.LinkedListTabulatedFunctionTest" time="0.0"/>
  <testcase name="testFloorNodeOfX_ExactMatchOnLast" classname="functions.LinkedListTabulatedFunctionTest" time="0.001"/>
  <testcase name="interpolateWorksInsideInterval" classname="functions.LinkedListTabulatedFunctionTest" time="0.0"/>
  <testcase name="testLinkedListWithLinkedListAndThen" classname="functions.LinkedListTabulatedFunctionTest" time="0.0"/>
  <testcase name="testIndexOfY_Found" classname="functions.LinkedListTabulatedFunctionTest" time="0.001"/>
  <testcase name="testLinkedListWithArrayTrigonometricComposition" classname="functions.LinkedListTabulatedFunctionTest" time="0.0"/>
  <testcase name="rightBoundOnEmptyThrowsException" classname="functions.LinkedListTabulatedFunctionTest" time="0.002"/>
  <testcase name="testLinkedListWithLinkedList" classname="functions.LinkedListTabulatedFunctionTest" time="0.0"/>
  <testcase name="iteratorNextAfterEndThrowsException" classname="functions.LinkedListTabulatedFunctionTest" time="0.001"/>
  <testcase name="testLinkedListWithArrayCompositeWithExtrapolation" classname="functions.LinkedListTabulatedFunctionTest" time="0.0"/>
  <testcase name="floorNodeOfXOnEmptyThrowsException" classname="functions.LinkedListTabulatedFunctionTest" time="0.001"/>
  <testcase name="testLinkedListWithLinkedListTrigonometricComposition" classname="functions.LinkedListTabulatedFunctionTest" time="0.001"/>
  <testcase name="testInsertAtBeginning" classname="functions.LinkedListTabulatedFunctionTest" time="0.0"/>
  <testcase name="setYInvalidIndexThrowsException" classname="functions.LinkedListTabulatedFunctionTest" time="0.001"/>
  <testcase name="getYInvalidIndexThrowsException" classname="functions.LinkedListTabulatedFunctionTest" time="0.001"/>
  <testcase name="testApply_ExactMatchOnHead" classname="functions.LinkedListTabulatedFunctionTest" time="0.001"/>
  <testcase name="testApply_ExactMatchOnLast" classname="functions.LinkedListTabulatedFunctionTest" time="0.0"/>
  <testcase name="testOptimizedApply" classname="functions.LinkedListTabulatedFunctionTest" time="0.0"/>
  <testcase name="testRemoveMiddleElement" classname="functions.LinkedListTabulatedFunctionTest" time="0.0"/>
  <testcase name="indexOfXReturnsCorrectIndexForExistingX" classname="functions.LinkedListTabulatedFunctionTest" time="0.0"/>
  <testcase name="extrapolateRightThrowsExceptionWhenLessThanTwoPoints" classname="functions.LinkedListTabulatedFunctionTest" time="0.0"/>
  <testcase name="testLinkedListWithLinkedListExponentialWithLogarithmicComposition" classname="functions.LinkedListTabulatedFunctionTest" time="0.0"/>
  <testcase name="testIteratorWorksCorrectlyWithWhileLoop" classname="functions.LinkedListTabulatedFunctionTest" time="0.001"/>
  <testcase name="testFloorNodeOfX" classname="functions.LinkedListTabulatedFunctionTest" time="0.002"/>
  <testcase name="testSinglePointFunction" classname="functions.LinkedListTabulatedFunctionTest" time="0.0"/>
  <testcase name="testInsertWithSmallEpsilon" classname="functions.LinkedListTabulatedFunctionTest" time="0.0"/>
  <testcase name="testInsertDuplicateX" classname="functions.LinkedListTabulatedFunctionTest" time="0.0"/>
</testsuite>